2026-04-20 17:45:52 | Performance tracker loaded 0 strategy records (0 with persisted adaptive state)
2026-04-20 17:45:52 | ⚙️  adaptive_params: no persisted state — using defaults
2026-04-20 17:46:08 | 📊 Performance tracker registered strategy: SmartMoneyConcepts
2026-04-20 17:46:08 | 📊 Performance tracker registered strategy: InstitutionalBreakout
2026-04-20 17:46:08 | 📊 Performance tracker registered strategy: ExtremeReversal
2026-04-20 17:46:08 | 📊 Performance tracker registered strategy: MeanReversion
2026-04-20 17:46:08 | 📊 Performance tracker registered strategy: PriceAction
2026-04-20 17:46:08 | 📊 Performance tracker registered strategy: Momentum
2026-04-20 17:46:08 | 📊 Performance tracker registered strategy: Ichimoku
2026-04-20 17:46:08 | 📊 Performance tracker registered strategy: ElliottWave
2026-04-20 17:46:08 | 📊 Performance tracker registered strategy: FundingRateArb
2026-04-20 17:46:09 | 📊 Performance tracker registered strategy: RangeScalper
2026-04-20 17:46:09 | 📊 Performance tracker registered strategy: WyckoffAccDist
2026-04-20 17:46:09 | 📊 Performance tracker registered strategy: HarmonicPattern
2026-04-20 17:46:09 | 📊 Performance tracker registered strategy: GeometricPattern
2026-04-20 17:47:05 | ⚙️  param_tuner: no market-state data yet — skipping
2026-04-20 17:48:06 | ⚙️  param_tuner: no market-state data yet — skipping
2026-04-20 17:49:06 | ⚙️  param_tuner: no market-state data yet — skipping
2026-04-20 17:50:06 | ⚙️  param_tuner: no market-state data yet — skipping
2026-04-20 17:51:06 | ⚙️  param_tuner: no market-state data yet — skipping
2026-04-20 17:52:06 | ⚙️  param_tuner: no market-state data yet — skipping
2026-04-20 17:53:06 | ⚙️  param_tuner: no market-state data yet — skipping
2026-04-20 17:54:06 | ⚙️  param_tuner: no market-state data yet — skipping
2026-04-20 17:55:06 | ⚙️  param_tuner: no market-state data yet — skipping
2026-04-20 17:56:06 | ⚙️  param_tuner: no market-state data yet — skipping
2026-04-20 17:57:06 | ⚙️  param_tuner: no market-state data yet — skipping
2026-04-20 17:58:06 | ⚙️  param_tuner: no market-state data yet — skipping
2026-04-20 17:59:06 | ⚙️  param_tuner: no market-state data yet — skipping
2026-04-20 18:00:06 | ⚙️  param_tuner: no market-state data yet — skipping
2026-04-20 18:01:06 | ⚙️  param_tuner: no market-state data yet — skipping
2026-04-20 18:02:06 | ⚙️  param_tuner: no market-state data yet — skipping
2026-04-20 18:03:07 | ⚙️  param_tuner: no market-state data yet — skipping
2026-04-20 18:04:07 | ⚙️  param_tuner: no market-state data yet — skipping
2026-04-20 18:05:07 | ⚙️  param_tuner: no market-state data yet — skipping
2026-04-20 18:06:07 | ⚙️  param_tuner: no market-state data yet — skipping
2026-04-20 18:07:07 | ⚙️  param_tuner: no market-state data yet — skipping
2026-04-20 18:08:07 | ⚙️  param_tuner: no market-state data yet — skipping
2026-04-20 18:09:07 | ⚙️  param_tuner: no market-state data yet — skipping
2026-04-20 18:10:07 | ⚙️  param_tuner: no market-state data yet — skipping
2026-04-20 18:11:07 | ⚙️  param_tuner: no market-state data yet — skipping
2026-04-20 18:12:07 | ⚙️  param_tuner: no market-state data yet — skipping
2026-04-20 18:13:07 | ⚙️  param_tuner: no market-state data yet — skipping
2026-04-20 18:14:07 | ⚙️  param_tuner: no market-state data yet — skipping
2026-04-20 18:15:07 | ⚙️  param_tuner: no market-state data yet — skipping
2026-04-20 18:16:07 | ⚙️  param_tuner: no market-state data yet — skipping
2026-04-20 18:17:07 | ⚙️  param_tuner: no market-state data yet — skipping
2026-04-20 18:18:07 | ⚙️  param_tuner: no market-state data yet — skipping
2026-04-20 18:19:07 | ⚙️  param_tuner: no market-state data yet — skipping
2026-04-20 18:20:07 | ⚙️  param_tuner: no market-state data yet — skipping
2026-04-20 18:21:07 | ⚙️  param_tuner: no market-state data yet — skipping
2026-04-20 18:22:07 | ⚙️  param_tuner: no market-state data yet — skipping
2026-04-20 18:23:07 | ⚙️  param_tuner: no market-state data yet — skipping
2026-04-20 18:24:07 | ⚙️  param_tuner: no market-state data yet — skipping
2026-04-20 18:25:07 | ⚙️  param_tuner: no market-state data yet — skipping
2026-04-20 18:26:08 | ⚙️  param_tuner: no market-state data yet — skipping
2026-04-20 18:27:08 | ⚙️  param_tuner: no market-state data yet — skipping
2026-04-20 18:28:08 | ⚙️  param_tuner: no market-state data yet — skipping
2026-04-20 18:29:08 | ⚙️  param_tuner: no market-state data yet — skipping
2026-04-20 18:30:09 | ⚙️  param_tuner: no market-state data yet — skipping
2026-04-20 18:31:09 | ⚙️  param_tuner: no market-state data yet — skipping
2026-04-20 18:32:09 | ⚙️  param_tuner: no market-state data yet — skipping
2026-04-20 18:33:10 | ⚙️  param_tuner: no market-state data yet — skipping
2026-04-20 18:34:11 | ⚙️  param_tuner: no market-state data yet — skipping
2026-04-20 18:35:11 | ⚙️  param_tuner: no market-state data yet — skipping
2026-04-20 18:36:12 | ⚙️  param_tuner: no market-state data yet — skipping
2026-04-20 18:37:12 | ⚙️  param_tuner: no market-state data yet — skipping
2026-04-20 18:38:12 | ⚙️  param_tuner: no market-state data yet — skipping
2026-04-20 18:39:13 | ⚙️  param_tuner: no market-state data yet — skipping
2026-04-20 18:40:13 | ⚙️  param_tuner: no market-state data yet — skipping
2026-04-20 18:41:14 | ⚙️  param_tuner: no market-state data yet — skipping
2026-04-20 18:42:14 | ⚙️  param_tuner: no market-state data yet — skipping
2026-04-20 18:43:15 | ⚙️  param_tuner: no market-state data yet — skipping
2026-04-20 18:44:15 | ⚙️  param_tuner: no market-state data yet — skipping
2026-04-20 18:45:16 | ⚙️  param_tuner: no market-state data yet — skipping
2026-04-20 18:46:17 | ⚙️  param_tuner: no market-state data yet — skipping
2026-04-20 18:47:17 | ⚙️  param_tuner: no market-state data yet — skipping
2026-04-20 18:48:17 | ⚙️  param_tuner: no market-state data yet — skipping
2026-04-20 18:49:17 | ⚙️  param_tuner: no market-state data yet — skipping
2026-04-20 18:50:18 | ⚙️  param_tuner: no market-state data yet — skipping
2026-04-20 18:51:18 | ⚙️  param_tuner: no market-state data yet — skipping
2026-04-20 18:52:18 | ⚙️  param_tuner: no market-state data yet — skipping
2026-04-20 18:53:18 | ⚙️  param_tuner: no market-state data yet — skipping
2026-04-20 18:54:18 | ⚙️  param_tuner: no market-state data yet — skipping
2026-04-20 18:55:18 | ⚙️  param_tuner: no market-state data yet — skipping
2026-04-20 18:56:19 | ⚙️  param_tuner: no market-state data yet — skipping
2026-04-20 18:57:19 | ⚙️  param_tuner: no market-state data yet — skipping
2026-04-20 18:58:19 | ⚙️  param_tuner: no market-state data yet — skipping
2026-04-20 18:59:19 | ⚙️  param_tuner: no market-state data yet — skipping
2026-04-20 19:00:19 | ⚙️  param_tuner: no market-state data yet — skipping
2026-04-20 19:01:19 | ⚙️  param_tuner: no market-state data yet — skipping
2026-04-20 19:02:20 | ⚙️  param_tuner: no market-state data yet — skipping
2026-04-20 19:03:20 | ⚙️  param_tuner: no market-state data yet — skipping
2026-04-20 19:04:20 | ⚙️  param_tuner: no market-state data yet — skipping
2026-04-20 19:05:20 | ⚙️  param_tuner: no market-state data yet — skipping
2026-04-20 19:06:20 | ⚙️  param_tuner: no market-state data yet — skipping
2026-04-20 19:07:21 | ⚙️  param_tuner: no market-state data yet — skipping
2026-04-20 19:08:21 | ⚙️  param_tuner: no market-state data yet — skipping
2026-04-20 19:09:21 | ⚙️  param_tuner: no market-state data yet — skipping
2026-04-20 19:10:21 | ⚙️  param_tuner: no market-state data yet — skipping
2026-04-20 19:11:21 | ⚙️  param_tuner: no market-state data yet — skipping
2026-04-20 19:12:21 | ⚙️  param_tuner: no market-state data yet — skipping
2026-04-20 19:13:21 | ⚙️  param_tuner: no market-state data yet — skipping
2026-04-20 19:14:21 | ⚙️  param_tuner: no market-state data yet — skipping
2026-04-20 19:15:21 | ⚙️  param_tuner: no market-state data yet — skipping
2026-04-20 19:16:21 | ⚙️  param_tuner: no market-state data yet — skipping
2026-04-20 19:17:21 | ⚙️  param_tuner: no market-state data yet — skipping
2026-04-20 19:18:21 | ⚙️  param_tuner: no market-state data yet — skipping
2026-04-20 19:19:21 | ⚙️  param_tuner: no market-state data yet — skipping
2026-04-20 19:20:21 | ⚙️  param_tuner: no market-state data yet — skipping
2026-04-20 19:21:21 | ⚙️  param_tuner: no market-state data yet — skipping
2026-04-20 19:22:21 | ⚙️  param_tuner: no market-state data yet — skipping
2026-04-20 19:23:21 | ⚙️  param_tuner: no market-state data yet — skipping
2026-04-20 19:24:21 | ⚙️  param_tuner: no market-state data yet — skipping
2026-04-20 19:25:21 | ⚙️  param_tuner: no market-state data yet — skipping
2026-04-20 19:26:21 | ⚙️  param_tuner: no market-state data yet — skipping
2026-04-20 19:27:21 | ⚙️  param_tuner: no market-state data yet — skipping
2026-04-20 19:28:21 | ⚙️  param_tuner: no market-state data yet — skipping
2026-04-20 19:29:21 | ⚙️  param_tuner: no market-state data yet — skipping
2026-04-20 19:30:21 | ⚙️  param_tuner: no market-state data yet — skipping
2026-04-20 19:31:21 | ⚙️  param_tuner: no market-state data yet — skipping
2026-04-20 19:32:22 | ⚙️  param_tuner: no market-state data yet — skipping
2026-04-20 19:33:22 | ⚙️  param_tuner: no market-state data yet — skipping
2026-04-20 19:34:22 | ⚙️  param_tuner: no market-state data yet — skipping
2026-04-20 19:35:22 | ⚙️  param_tuner: no market-state data yet — skipping
2026-04-20 19:36:23 | ⚙️  param_tuner: no market-state data yet — skipping
2026-04-20 19:37:23 | ⚙️  param_tuner: no market-state data yet — skipping
2026-04-20 19:38:23 | ⚙️  param_tuner: no market-state data yet — skipping
2026-04-20 19:39:23 | ⚙️  param_tuner: no market-state data yet — skipping
2026-04-20 19:40:23 | ⚙️  param_tuner: no market-state data yet — skipping
2026-04-20 19:41:23 | ⚙️  param_tuner: no market-state data yet — skipping
2026-04-20 19:42:23 | ⚙️  param_tuner: no market-state data yet — skipping
2026-04-20 19:43:23 | ⚙️  param_tuner: no market-state data yet — skipping
2026-04-20 19:44:23 | ⚙️  param_tuner: no market-state data yet — skipping
2026-04-20 19:45:23 | ⚙️  param_tuner: no market-state data yet — skipping
2026-04-20 19:46:23 | ⚙️  param_tuner: no market-state data yet — skipping
2026-04-20 19:48:04 | ⚙️  param_tuner: no market-state data yet — skipping
2026-04-20 19:49:04 | ⚙️  param_tuner: no market-state data yet — skipping
2026-04-20 19:50:04 | ⚙️  param_tuner: no market-state data yet — skipping
2026-04-20 19:51:04 | ⚙️  param_tuner: no market-state data yet — skipping
2026-04-20 19:52:04 | ⚙️  param_tuner: no market-state data yet — skipping
2026-04-20 19:53:04 | ⚙️  param_tuner: no market-state data yet — skipping
2026-04-20 19:54:04 | ⚙️  param_tuner: no market-state data yet — skipping
2026-04-20 19:55:04 | ⚙️  param_tuner: no market-state data yet — skipping
2026-04-20 19:56:04 | ⚙️  param_tuner: no market-state data yet — skipping
2026-04-20 19:57:04 | ⚙️  param_tuner: no market-state data yet — skipping
2026-04-20 19:58:04 | ⚙️  param_tuner: no market-state data yet — skipping
2026-04-20 19:59:04 | ⚙️  param_tuner: no market-state data yet — skipping
2026-04-20 20:00:05 | ⚙️  param_tuner: no market-state data yet — skipping
2026-04-20 20:01:05 | ⚙️  param_tuner: no market-state data yet — skipping
2026-04-20 20:02:05 | ⚙️  param_tuner: no market-state data yet — skipping
2026-04-20 20:03:05 | ⚙️  param_tuner: no market-state data yet — skipping
2026-04-20 20:04:06 | ⚙️  param_tuner: no market-state data yet — skipping
2026-04-20 20:05:06 | ⚙️  param_tuner: no market-state data yet — skipping
2026-04-20 20:06:06 | ⚙️  param_tuner: no market-state data yet — skipping
2026-04-20 20:07:06 | ⚙️  param_tuner: no market-state data yet — skipping
2026-04-20 20:08:06 | ⚙️  param_tuner: no market-state data yet — skipping
2026-04-20 20:09:06 | ⚙️  param_tuner: no market-state data yet — skipping
2026-04-20 20:10:06 | ⚙️  param_tuner: no market-state data yet — skipping
2026-04-20 20:11:06 | ⚙️  param_tuner: no market-state data yet — skipping
2026-04-20 20:12:06 | ⚙️  param_tuner: no market-state data yet — skipping
2026-04-20 20:13:06 | ⚙️  param_tuner: no market-state data yet — skipping
2026-04-20 20:14:06 | ⚙️  param_tuner: no market-state data yet — skipping
2026-04-20 20:14:52 | 🔄 Performance tracker EWMA softened → BULL_TREND
2026-04-20 20:15:06 | ⚙️  param_tuner: no market-state data yet — skipping
2026-04-20 20:16:06 | ⚙️  param_tuner: no market-state data yet — skipping
2026-04-20 20:17:06 | ⚙️  param_tuner: no market-state data yet — skipping
2026-04-20 20:18:07 | ⚙️  param_tuner: no market-state data yet — skipping
2026-04-20 20:19:07 | ⚙️  param_tuner: starting tuning cycle
2026-04-20 20:19:07 | ⚙️  param_tuner: all states in-range — no changes (stable=1)
2026-04-20 20:30:46 | 🔄 Performance tracker EWMA softened → CHOPPY
2026-04-21 00:13:20 | 🔄 Performance tracker EWMA softened → BULL_TREND
2026-04-21 02:54:07 | 🔄 Performance tracker EWMA softened → CHOPPY
2026-04-21 04:01:04 | 🔄 Performance tracker EWMA softened → BULL_TREND
