2026-04-21 06:54:35 | WARNING  | analyzers.news_scraper              | news_scraper.py:1285 | 📰🔴 NEWS STORM MODERATE: 3/6 negative items in 15min — LONG penalty -15, SHORT penalty -5 (regime=BULL_TREND)
2026-04-21 06:54:43 | WARNING  | signals.stablecoin_depeg            | stablecoin_depeg.py:183 | 💵 Stablecoin USDT: INIT → HEALTHY | price=1.0011 
2026-04-21 06:54:44 | WARNING  | signals.aggregator                  | aggregator.py:686 | ⚠️ RR sanity: PIEVERSE/USDT SmartMoneyConcepts R/R=6.1R exceeds cap — TP levels may be miscalculated. Capping display at 6.0R.
2026-04-21 06:55:02 | WARNING  | strategies.funding_arb              | funding_arb.py:57 | FundingRateArb: abnormal funding value for EDU/USDT: -1.035306% (skipping)
2026-04-21 06:55:03 | WARNING  | signals.aggregator                  | aggregator.py:686 | ⚠️ RR sanity: 币安人生/USDT SmartMoneyConcepts R/R=6.1R exceeds cap — TP levels may be miscalculated. Capping display at 6.0R.
2026-04-21 06:55:07 | WARNING  | signals.aggregator                  | aggregator.py:686 | ⚠️ RR sanity: ORDI/USDT SmartMoneyConcepts R/R=7.7R exceeds cap — TP levels may be miscalculated. Capping display at 6.0R.
2026-04-21 06:56:08 | WARNING  | signals.aggregator                  | aggregator.py:686 | ⚠️ RR sanity: M/USDT SmartMoneyConcepts R/R=6.7R exceeds cap — TP levels may be miscalculated. Capping display at 6.0R.
2026-04-21 06:56:08 | WARNING  | signals.aggregator                  | aggregator.py:686 | ⚠️ RR sanity: MSTR/USDT SmartMoneyConcepts R/R=6.1R exceeds cap — TP levels may be miscalculated. Capping display at 6.0R.
2026-04-21 06:56:32 | WARNING  | signals.aggregator                  | aggregator.py:686 | ⚠️ RR sanity: GWEI/USDT SmartMoneyConcepts R/R=7.7R exceeds cap — TP levels may be miscalculated. Capping display at 6.0R.
2026-04-21 06:56:50 | WARNING  | signals.aggregator                  | aggregator.py:686 | ⚠️ RR sanity: PNUT/USDT GeometricPattern:FallingWedge R/R=7.7R exceeds cap — TP levels may be miscalculated. Capping display at 6.0R.
2026-04-21 06:56:53 | WARNING  | signals.aggregator                  | aggregator.py:686 | ⚠️ RR sanity: SIREN/USDT GeometricPattern:FallingWedge R/R=6.9R exceeds cap — TP levels may be miscalculated. Capping display at 6.0R.
2026-04-21 06:57:04 | WARNING  | core.health_monitor                 | health_monitor.py:306 | 📊 OHLCV QUALITY FAIL | GENIUS/USDT/4h: only 32 candles (min 50)
2026-04-21 06:57:12 | WARNING  | analyzers.market_microstructure     | market_microstructure.py:1074 | 🚨 PUMP/DUMP PUMP: BIO/USDT price=+5.6% volume=+535% risk=MEDIUM no_trade=False news_correlated=False
2026-04-21 06:57:23 | WARNING  | signals.aggregator                  | aggregator.py:686 | ⚠️ RR sanity: PROM/USDT PriceAction R/R=6.2R exceeds cap — TP levels may be miscalculated. Capping display at 6.0R.
2026-04-21 06:57:34 | WARNING  | scripts.bootstrap_oi_history        | bootstrap_oi_history.py:71 | HTTP 400 from https://fapi.binance.com/fapi/v1/klines params={'symbol': 'PEPEUSDT', 'interval': '1h', 'startTime': 1768978654319, 'endTime': 1774378654319, 'limit': 1500}
2026-04-21 06:57:34 | WARNING  | scripts.bootstrap_oi_history        | bootstrap_oi_history.py:71 | HTTP 400 from https://fapi.binance.com/fapi/v1/klines params={'symbol': 'PEPEUSDT', 'interval': '1h', 'startTime': 1768978654319, 'endTime': 1774378654319, 'limit': 1500}
2026-04-21 06:57:43 | WARNING  | scripts.bootstrap_oi_history        | bootstrap_oi_history.py:71 | HTTP 400 from https://fapi.binance.com/fapi/v1/klines params={'symbol': 'BONKUSDT', 'interval': '1h', 'startTime': 1768978663244, 'endTime': 1774378663244, 'limit': 1500}
2026-04-21 06:57:43 | WARNING  | scripts.bootstrap_oi_history        | bootstrap_oi_history.py:71 | HTTP 400 from https://fapi.binance.com/fapi/v1/klines params={'symbol': 'BONKUSDT', 'interval': '1h', 'startTime': 1768978663244, 'endTime': 1774378663244, 'limit': 1500}
2026-04-21 06:57:43 | WARNING  | scripts.bootstrap_oi_history        | bootstrap_oi_history.py:71 | HTTP 400 from https://fapi.binance.com/fapi/v1/klines params={'symbol': 'FLOKIUSDT', 'interval': '1h', 'startTime': 1768978663517, 'endTime': 1774378663517, 'limit': 1500}
2026-04-21 06:57:43 | WARNING  | scripts.bootstrap_oi_history        | bootstrap_oi_history.py:71 | HTTP 400 from https://fapi.binance.com/fapi/v1/klines params={'symbol': 'FLOKIUSDT', 'interval': '1h', 'startTime': 1768978663517, 'endTime': 1774378663517, 'limit': 1500}
2026-04-21 06:58:07 | WARNING  | signals.aggregator                  | aggregator.py:686 | ⚠️ RR sanity: BAS/USDT SmartMoneyConcepts R/R=6.1R exceeds cap — TP levels may be miscalculated. Capping display at 6.0R.
2026-04-21 06:58:11 | WARNING  | signals.aggregator                  | aggregator.py:686 | ⚠️ RR sanity: PRL/USDT GeometricPattern:FallingWedge R/R=7.7R exceeds cap — TP levels may be miscalculated. Capping display at 6.0R.
2026-04-21 06:58:44 | WARNING  | core.health_monitor                 | health_monitor.py:306 | 📊 OHLCV QUALITY FAIL | CHIP/USDT/4h: only 31 candles (min 50)
2026-04-21 06:58:54 | WARNING  | signals.aggregator                  | aggregator.py:686 | ⚠️ RR sanity: MEME/USDT SmartMoneyConcepts R/R=7.7R exceeds cap — TP levels may be miscalculated. Capping display at 6.0R.
2026-04-21 06:59:13 | WARNING  | signals.aggregator                  | aggregator.py:686 | ⚠️ RR sanity: MYX/USDT PriceAction R/R=7.7R exceeds cap — TP levels may be miscalculated. Capping display at 6.0R.
2026-04-21 06:59:17 | WARNING  | signals.aggregator                  | aggregator.py:686 | ⚠️ RR sanity: 我踏马来了/USDT SmartMoneyConcepts R/R=7.7R exceeds cap — TP levels may be miscalculated. Capping display at 6.0R.
2026-04-21 06:59:20 | WARNING  | signals.aggregator                  | aggregator.py:686 | ⚠️ RR sanity: ON/USDT SmartMoneyConcepts R/R=6.2R exceeds cap — TP levels may be miscalculated. Capping display at 6.0R.
2026-04-21 07:01:01 | WARNING  | signals.aggregator                  | aggregator.py:686 | ⚠️ RR sanity: UAI/USDT SmartMoneyConcepts R/R=6.7R exceeds cap — TP levels may be miscalculated. Capping display at 6.0R.
2026-04-21 07:01:05 | WARNING  | signals.aggregator                  | aggregator.py:686 | ⚠️ RR sanity: BSB/USDT SmartMoneyConcepts R/R=6.0R exceeds cap — TP levels may be miscalculated. Capping display at 6.0R.
2026-04-21 07:02:14 | WARNING  | analyzers.market_microstructure     | market_microstructure.py:1074 | 🚨 PUMP/DUMP PUMP: ARIA/USDT price=+10.7% volume=+444% risk=HIGH no_trade=True news_correlated=False
2026-04-21 07:02:14 | WARNING  | core.engine                         | engine.py:2971 | 🚫 ARIA/USDT suppressed by pump/dump guard | PUMP risk=HIGH price=+10.7% volume=+444%
2026-04-21 07:02:17 | WARNING  | signals.aggregator                  | aggregator.py:686 | ⚠️ RR sanity: GENIUS/USDT PriceAction R/R=7.7R exceeds cap — TP levels may be miscalculated. Capping display at 6.0R.
2026-04-21 07:04:12 | WARNING  | signals.aggregator                  | aggregator.py:686 | ⚠️ RR sanity: MOVR/USDT GeometricPattern:FallingWedge R/R=6.4R exceeds cap — TP levels may be miscalculated. Capping display at 6.0R.
2026-04-21 07:06:14 | WARNING  | signals.aggregator                  | aggregator.py:686 | ⚠️ RR sanity: EDGE/USDT PriceAction R/R=6.0R exceeds cap — TP levels may be miscalculated. Capping display at 6.0R.
2026-04-21 07:06:52 | WARNING  | scanner.scanner                     | scanner.py:662 | 📊 OHLCV cooldown: GENIUS/USDT failed 3× — excluding for 1800s (cycle 1)
2026-04-21 07:08:33 | WARNING  | scanner.scanner                     | scanner.py:662 | 📊 OHLCV cooldown: CHIP/USDT failed 3× — excluding for 1800s (cycle 1)
2026-04-21 07:18:09 | WARNING  | signals.aggregator                  | aggregator.py:686 | ⚠️ RR sanity: RAVE/USDT PriceAction R/R=6.2R exceeds cap — TP levels may be miscalculated. Capping display at 6.0R.
2026-04-21 07:18:50 | WARNING  | signals.aggregator                  | aggregator.py:686 | ⚠️ RR sanity: SUPER/USDT PriceAction R/R=7.3R exceeds cap — TP levels may be miscalculated. Capping display at 6.0R.
2026-04-21 07:20:33 | WARNING  | signals.aggregator                  | aggregator.py:686 | ⚠️ RR sanity: PIPPIN/USDT GeometricPattern:FallingWedge R/R=7.7R exceeds cap — TP levels may be miscalculated. Capping display at 6.0R.
2026-04-21 07:25:48 | WARNING  | signals.aggregator                  | aggregator.py:686 | ⚠️ RR sanity: NEIRO/USDT GeometricPattern:FallingWedge R/R=7.7R exceeds cap — TP levels may be miscalculated. Capping display at 6.0R.
2026-04-21 07:26:10 | WARNING  | signals.aggregator                  | aggregator.py:686 | ⚠️ RR sanity: SENT/USDT SmartMoneyConcepts R/R=7.3R exceeds cap — TP levels may be miscalculated. Capping display at 6.0R.
2026-04-21 07:35:26 | WARNING  | signals.aggregator                  | aggregator.py:686 | ⚠️ RR sanity: SKYAI/USDT PriceAction R/R=6.8R exceeds cap — TP levels may be miscalculated. Capping display at 6.0R.
