2026-04-21 06:54:16 | Performance tracker loaded 0 strategy records (0 with persisted adaptive state)
2026-04-21 06:54:16 | ⚙️  adaptive_params: no persisted state — using defaults
2026-04-21 06:54:32 | 📊 Performance tracker registered strategy: SmartMoneyConcepts
2026-04-21 06:54:32 | 📊 Performance tracker registered strategy: InstitutionalBreakout
2026-04-21 06:54:32 | 📊 Performance tracker registered strategy: ExtremeReversal
2026-04-21 06:54:32 | 📊 Performance tracker registered strategy: MeanReversion
2026-04-21 06:54:32 | 📊 Performance tracker registered strategy: PriceAction
2026-04-21 06:54:32 | 📊 Performance tracker registered strategy: Momentum
2026-04-21 06:54:32 | 📊 Performance tracker registered strategy: Ichimoku
2026-04-21 06:54:32 | 📊 Performance tracker registered strategy: ElliottWave
2026-04-21 06:54:32 | 📊 Performance tracker registered strategy: FundingRateArb
2026-04-21 06:54:35 | 📊 Performance tracker registered strategy: RangeScalper
2026-04-21 06:54:35 | 📊 Performance tracker registered strategy: WyckoffAccDist
2026-04-21 06:54:35 | 📊 Performance tracker registered strategy: HarmonicPattern
2026-04-21 06:54:35 | 📊 Performance tracker registered strategy: GeometricPattern
2026-04-21 06:55:24 | ⚙️  param_tuner: no market-state data yet — skipping
2026-04-21 06:56:26 | ⚙️  param_tuner: no market-state data yet — skipping
2026-04-21 06:57:26 | ⚙️  param_tuner: no market-state data yet — skipping
2026-04-21 06:58:26 | ⚙️  param_tuner: no market-state data yet — skipping
2026-04-21 06:59:26 | ⚙️  param_tuner: no market-state data yet — skipping
2026-04-21 07:00:26 | ⚙️  param_tuner: no market-state data yet — skipping
2026-04-21 07:01:26 | ⚙️  param_tuner: no market-state data yet — skipping
2026-04-21 07:02:26 | ⚙️  param_tuner: no market-state data yet — skipping
2026-04-21 07:03:26 | ⚙️  param_tuner: no market-state data yet — skipping
2026-04-21 07:04:26 | ⚙️  param_tuner: no market-state data yet — skipping
2026-04-21 07:05:26 | ⚙️  param_tuner: no market-state data yet — skipping
2026-04-21 07:06:26 | ⚙️  param_tuner: no market-state data yet — skipping
2026-04-21 07:07:26 | ⚙️  param_tuner: no market-state data yet — skipping
2026-04-21 07:08:26 | ⚙️  param_tuner: no market-state data yet — skipping
2026-04-21 07:09:26 | ⚙️  param_tuner: no market-state data yet — skipping
2026-04-21 07:10:26 | ⚙️  param_tuner: no market-state data yet — skipping
2026-04-21 07:11:26 | ⚙️  param_tuner: no market-state data yet — skipping
2026-04-21 07:12:26 | ⚙️  param_tuner: no market-state data yet — skipping
2026-04-21 07:13:26 | ⚙️  param_tuner: no market-state data yet — skipping
2026-04-21 07:14:26 | ⚙️  param_tuner: no market-state data yet — skipping
2026-04-21 07:15:26 | ⚙️  param_tuner: no market-state data yet — skipping
2026-04-21 07:16:26 | ⚙️  param_tuner: no market-state data yet — skipping
2026-04-21 07:17:26 | ⚙️  param_tuner: no market-state data yet — skipping
2026-04-21 07:18:26 | ⚙️  param_tuner: no market-state data yet — skipping
2026-04-21 07:19:26 | ⚙️  param_tuner: no market-state data yet — skipping
2026-04-21 07:20:26 | ⚙️  param_tuner: no market-state data yet — skipping
2026-04-21 07:21:26 | ⚙️  param_tuner: no market-state data yet — skipping
2026-04-21 07:22:26 | ⚙️  param_tuner: no market-state data yet — skipping
2026-04-21 07:23:26 | ⚙️  param_tuner: no market-state data yet — skipping
2026-04-21 07:24:26 | ⚙️  param_tuner: no market-state data yet — skipping
2026-04-21 07:25:26 | ⚙️  param_tuner: no market-state data yet — skipping
2026-04-21 07:26:26 | ⚙️  param_tuner: no market-state data yet — skipping
2026-04-21 07:27:26 | ⚙️  param_tuner: no market-state data yet — skipping
2026-04-21 07:28:26 | ⚙️  param_tuner: no market-state data yet — skipping
2026-04-21 07:29:26 | ⚙️  param_tuner: no market-state data yet — skipping
2026-04-21 07:30:26 | ⚙️  param_tuner: no market-state data yet — skipping
2026-04-21 07:31:27 | ⚙️  param_tuner: no market-state data yet — skipping
2026-04-21 07:32:27 | ⚙️  param_tuner: no market-state data yet — skipping
2026-04-21 07:33:27 | ⚙️  param_tuner: no market-state data yet — skipping
2026-04-21 07:34:27 | ⚙️  param_tuner: no market-state data yet — skipping
2026-04-21 07:35:27 | ⚙️  param_tuner: no market-state data yet — skipping
