2026-04-15 12:17:23 | INFO  | ✅  LONG | score=93.8 | PASS | grade=A | session=100 trigger_quality=85 spread=100 whale_alignment=100 entry_position=100 volume_env=92 positioning=50 | ✅ Execution quality: 94/100
2026-04-15 12:17:23 | INFO  | ⛔  LONG | score=14.2 | BLOCK | grade=B | KILL_COMBO=DEAD_ZONE + LOW_TRIGGER + LOW_VOLUME | bad=[session, trigger_quality, spread, whale_alignment, entry_position, volume_env] | session=15 trigger_quality=15 spread=10 whale_alignment=15 entry_position=20 volume_env=23 positioning=50 | ⛔ KILL COMBO: DEAD_ZONE + LOW_TRIGGER + LOW_VOLUME | exec_score=14 (irrelevant — combo fires)
2026-04-15 12:17:23 | INFO  | ✅  SHORT | score=55.6 | PASS | grade=B | bad=[trigger_quality] | session=70 trigger_quality=35 spread=60 whale_alignment=60 entry_position=70 volume_env=54 positioning=50 | ✅ Execution quality: 56/100
2026-04-15 12:17:23 | INFO  | ⛔  LONG | score=45.6 | BLOCK | grade=A+ | KILL_COMBO=DEAD_ZONE + WIDE_SPREAD (80 bps) | bad=[session, trigger_quality] | session=15 trigger_quality=20 spread=45 whale_alignment=100 entry_position=70 volume_env=56 positioning=50 | ⛔ KILL COMBO: DEAD_ZONE + WIDE_SPREAD (80 bps) | exec_score=46 (irrelevant — combo fires) | {"near_miss": true}
2026-04-15 12:17:23 | INFO  | ⛔  LONG | score=13.2 | BLOCK | grade=A+ | KILL_COMBO=DEAD_ZONE + LOW_TRIGGER + LOW_VOLUME | bad=[session, trigger_quality, spread, whale_alignment, entry_position, volume_env] | session=15 trigger_quality=10 spread=10 whale_alignment=15 entry_position=20 volume_env=23 positioning=50 | ⛔ KILL COMBO: DEAD_ZONE + LOW_TRIGGER + LOW_VOLUME | exec_score=13 (irrelevant — combo fires)
2026-04-15 12:17:23 | INFO  | ✅  LONG | score=97.6 | PASS | grade=A | session=100 trigger_quality=82 spread=100 whale_alignment=100 entry_position=100 volume_env=94 positioning=71 | ✅ Execution quality: 98/100
2026-04-15 12:17:23 | INFO  | ⛔  LONG | score=62.4 | BLOCK | grade=B | KILL_COMBO=LOW_TRIGGER + LOW_VOLUME | bad=[trigger_quality, volume_env] | session=100 trigger_quality=0 spread=60 whale_alignment=100 entry_position=100 volume_env=36 positioning=50 | ⛔ KILL COMBO: LOW_TRIGGER + LOW_VOLUME | exec_score=62 (irrelevant — combo fires)
2026-04-15 12:17:23 | INFO  | ⛔  SHORT | score=93.2 | BLOCK | grade=A | KILL_COMBO=SEMANTIC_KILL: BULLISH_CHOCH vs SHORT | session=100 trigger_quality=82 spread=100 whale_alignment=100 entry_position=100 volume_env=92 positioning=50 | ⛔ KILL COMBO: SEMANTIC_KILL: BULLISH_CHOCH vs SHORT | exec_score=93 (irrelevant — combo fires)
2026-04-15 12:17:23 | INFO  | ✅  SHORT | score=84.1 | PASS | grade=A | bad=[whale_alignment] | session=100 trigger_quality=74 spread=97 whale_alignment=15 entry_position=100 volume_env=89 positioning=81 | ✅ Execution quality: 84/100
2026-04-15 12:17:23 | INFO  | ⛔  SHORT | score=79.1 | BLOCK | grade=A | KILL_COMBO=SEMANTIC_KILL: HTF_TREND BULL vs SHORT (no reversal signal) | bad=[whale_alignment] | session=100 trigger_quality=74 spread=97 whale_alignment=15 entry_position=100 volume_env=89 positioning=56 | ⛔ KILL COMBO: SEMANTIC_KILL: HTF_TREND BULL vs SHORT (no reversal signal) | exec_score=79 (irrelevant — combo fires)
2026-04-15 12:17:23 | INFO  | ✅  LONG | score=65.0 | PASS | grade=B | bad=[session] | session=15 trigger_quality=50 spread=100 whale_alignment=100 entry_position=100 volume_env=60 positioning=50 | ✅ Execution quality: 65/100
2026-04-15 12:17:23 | INFO  | ✅  LONG | score=82.0 | PASS | grade=B | session=100 trigger_quality=50 spread=100 whale_alignment=100 entry_position=100 volume_env=60 positioning=50 | ✅ Execution quality: 82/100
2026-04-15 12:17:23 | INFO  | ✅  LONG | score=99.0 | PASS | grade=A | session=100 trigger_quality=75 spread=100 whale_alignment=100 entry_position=100 volume_env=92 positioning=86 | ✅ Execution quality: 99/100
2026-04-15 12:17:23 | INFO  | ✅  LONG | score=85.8 | PASS | grade=A | bad=[positioning] | session=100 trigger_quality=75 spread=100 whale_alignment=100 entry_position=100 volume_env=92 positioning=14 | ✅ Execution quality: 86/100
2026-04-15 12:17:23 | INFO  | ✅  LONG | score=82.0 | PASS | grade=B | session=100 trigger_quality=50 spread=100 whale_alignment=100 entry_position=100 volume_env=60 positioning=50 | ✅ Execution quality: 82/100
2026-04-15 12:17:23 | INFO  | ✅  LONG | score=64.9 | PASS | grade=B | session=100 trigger_quality=50 spread=60 whale_alignment=60 entry_position=70 volume_env=56 positioning=50 | ✅ Execution quality: 65/100
2026-04-15 12:17:23 | INFO  | ⚠️  LONG | score=47.9 | PENALIZE (×0.85) | grade=B | bad=[session] | session=15 trigger_quality=50 spread=60 whale_alignment=60 entry_position=70 volume_env=56 positioning=50 | ⚠️ EXECUTION GATE: weak execution (48/100) — conf ×0.85 | weak=[session]
2026-04-15 12:17:23 | INFO  | ✅  LONG | score=52.9 | PASS | grade=B | bad=[session] | session=40 trigger_quality=50 spread=60 whale_alignment=60 entry_position=70 volume_env=56 positioning=50 | ✅ Execution quality: 53/100
2026-04-15 12:17:23 | INFO  | ⚠️  LONG | score=47.9 | PENALIZE (×0.85) | grade=B | bad=[session] | session=15 trigger_quality=50 spread=60 whale_alignment=60 entry_position=70 volume_env=56 positioning=50 | ⚠️ EXECUTION GATE: weak execution (48/100) — conf ×0.85 | weak=[session]
2026-04-15 12:17:23 | INFO  | ✅  LONG | score=64.9 | PASS | grade=B | session=100 trigger_quality=50 spread=60 whale_alignment=60 entry_position=70 volume_env=56 positioning=50 | ✅ Execution quality: 65/100
2026-04-15 12:17:23 | INFO  | ✅  LONG | score=58.9 | PASS | grade=B | session=70 trigger_quality=50 spread=60 whale_alignment=60 entry_position=70 volume_env=56 positioning=50 | ✅ Execution quality: 59/100
2026-04-15 12:17:23 | INFO  | ✅  LONG | score=64.9 | PASS | grade=B | session=70 trigger_quality=50 spread=100 whale_alignment=60 entry_position=70 volume_env=56 positioning=50 | ✅ Execution quality: 65/100
2026-04-15 12:17:23 | INFO  | ✅  LONG | score=51.4 | PASS | grade=B | bad=[spread] | session=70 trigger_quality=50 spread=10 whale_alignment=60 entry_position=70 volume_env=56 positioning=50 | ✅ Execution quality: 51/100
2026-04-15 12:17:23 | INFO  | ✅  LONG | score=56.6 | PASS | grade=B | session=70 trigger_quality=50 spread=45 whale_alignment=60 entry_position=70 volume_env=56 positioning=50 | ✅ Execution quality: 57/100
2026-04-15 12:17:23 | INFO  | ✅  LONG | score=58.9 | PASS | grade=B | session=70 trigger_quality=50 spread=60 whale_alignment=60 entry_position=70 volume_env=56 positioning=50 | ✅ Execution quality: 59/100
2026-04-15 12:17:23 | INFO  | ✅  LONG | score=64.9 | PASS | grade=B | session=70 trigger_quality=50 spread=60 whale_alignment=100 entry_position=70 volume_env=56 positioning=50 | ✅ Execution quality: 65/100
2026-04-15 12:17:23 | INFO  | ⛔  SHORT | score=52.1 | BLOCK | grade=B | KILL_COMBO=EXTREME_WHALE_OPPOSITION (91% vs SHORT) | bad=[whale_alignment] | session=70 trigger_quality=50 spread=60 whale_alignment=15 entry_position=70 volume_env=56 positioning=50 | ⛔ KILL COMBO: EXTREME_WHALE_OPPOSITION (91% vs SHORT) | exec_score=52 (irrelevant — combo fires)
2026-04-15 12:17:23 | INFO  | ✅  SHORT | score=58.9 | PASS | grade=B | session=70 trigger_quality=50 spread=60 whale_alignment=60 entry_position=70 volume_env=56 positioning=50 | ✅ Execution quality: 59/100
2026-04-15 12:17:23 | INFO  | ✅  LONG | score=58.9 | PASS | grade=B | session=70 trigger_quality=50 spread=60 whale_alignment=60 entry_position=70 volume_env=56 positioning=50 | ✅ Execution quality: 59/100
2026-04-15 12:17:23 | INFO  | ✅  LONG | score=63.4 | PASS | grade=B | session=70 trigger_quality=50 spread=60 whale_alignment=60 entry_position=100 volume_env=56 positioning=50 | ✅ Execution quality: 63/100
2026-04-15 12:17:23 | INFO  | ✅  SHORT | score=63.4 | PASS | grade=B | session=70 trigger_quality=50 spread=60 whale_alignment=60 entry_position=100 volume_env=56 positioning=50 | ✅ Execution quality: 63/100
2026-04-15 12:17:23 | INFO  | ✅  LONG | score=51.4 | PASS | grade=B | bad=[entry_position] | session=70 trigger_quality=50 spread=60 whale_alignment=60 entry_position=20 volume_env=56 positioning=50 | ✅ Execution quality: 51/100
2026-04-15 12:17:23 | INFO  | ✅  SHORT | score=51.4 | PASS | grade=B | bad=[entry_position] | session=70 trigger_quality=50 spread=60 whale_alignment=60 entry_position=20 volume_env=56 positioning=50 | ✅ Execution quality: 51/100
2026-04-15 12:17:23 | INFO  | ✅  LONG | score=58.9 | PASS | grade=B | session=70 trigger_quality=50 spread=60 whale_alignment=60 entry_position=70 volume_env=56 positioning=50 | ✅ Execution quality: 59/100
2026-04-15 12:17:23 | INFO  | ✅  LONG | score=64.3 | PASS | grade=B | session=70 trigger_quality=50 spread=60 whale_alignment=60 entry_position=70 volume_env=92 positioning=50 | ✅ Execution quality: 64/100
2026-04-15 12:17:23 | INFO  | ✅  LONG | score=54.2 | PASS | grade=B | bad=[volume_env] | session=70 trigger_quality=50 spread=60 whale_alignment=60 entry_position=70 volume_env=25 positioning=50 | ✅ Execution quality: 54/100
2026-04-15 12:17:23 | INFO  | ⛔  LONG | score=31.8 | BLOCK | grade=B | bad=[session, whale_alignment, entry_position] | session=15 trigger_quality=45 spread=65 whale_alignment=38 entry_position=20 volume_env=56 positioning=50 | ⛔ EXECUTION GATE: NO TRADE | score=32/35 | bad=[session, whale_alignment, entry_position] | {"near_miss": true}
2026-04-15 12:17:23 | INFO  | ✅  LONG | score=61.8 | PASS | grade=B | bad=[session, trigger_quality] | session=15 trigger_quality=10 spread=100 whale_alignment=100 entry_position=100 volume_env=92 positioning=50 | ✅ Execution quality: 62/100
2026-04-15 12:17:23 | INFO  | ⛔  LONG | score=33.6 | BLOCK | grade=B | KILL_COMBO=DEAD_ZONE + WIDE_SPREAD (235 bps) | bad=[session, trigger_quality, spread] | session=15 trigger_quality=27 spread=10 whale_alignment=60 entry_position=70 volume_env=41 positioning=50 | ⛔ KILL COMBO: DEAD_ZONE + WIDE_SPREAD (235 bps) | exec_score=34 (irrelevant — combo fires) | {"near_miss": true}
2026-04-15 12:17:23 | INFO  | ⛔  SHORT | score=49.1 | BLOCK | grade=B | KILL_COMBO=EXTREME_WHALE_OPPOSITION (91% vs SHORT) | bad=[trigger_quality, whale_alignment, volume_env] | session=100 trigger_quality=27 spread=48 whale_alignment=15 entry_position=70 volume_env=39 positioning=50 | ⛔ KILL COMBO: EXTREME_WHALE_OPPOSITION (91% vs SHORT) | exec_score=49 (irrelevant — combo fires) | {"near_miss": true}
2026-04-15 12:17:23 | INFO  | ⛔  SHORT | score=50.6 | BLOCK | grade=A | KILL_COMBO=EXTREME_WHALE_OPPOSITION (91% vs SHORT) | bad=[trigger_quality, whale_alignment, volume_env] | session=100 trigger_quality=27 spread=58 whale_alignment=15 entry_position=70 volume_env=39 positioning=50 | ⛔ KILL COMBO: EXTREME_WHALE_OPPOSITION (91% vs SHORT) | exec_score=51 (irrelevant — combo fires)
2026-04-15 12:17:23 | INFO  | ✅  LONG | score=93.1 | PASS | grade=A+ | session=100 trigger_quality=80 spread=100 whale_alignment=100 entry_position=100 volume_env=94 positioning=50 | ✅ Execution quality: 93/100
2026-04-15 12:17:23 | INFO  | ✅  LONG | score=75.2 | PASS | grade=A | bad=[session] | session=40 trigger_quality=75 spread=85 whale_alignment=100 entry_position=100 volume_env=76 positioning=50 | ✅ Execution quality: 75/100
2026-04-15 12:17:23 | INFO  | ✅  LONG | score=58.9 | PASS | grade=B | session=70 trigger_quality=50 spread=60 whale_alignment=60 entry_position=70 volume_env=56 positioning=50 | ✅ Execution quality: 59/100
2026-04-15 12:17:23 | INFO  | ⛔  LONG | score=20.7 | BLOCK | grade=B | KILL_COMBO=DEAD_ZONE + LOW_TRIGGER + LOW_VOLUME | bad=[session, trigger_quality, spread, whale_alignment, volume_env] | session=15 trigger_quality=10 spread=10 whale_alignment=15 entry_position=70 volume_env=23 positioning=50 | ⛔ KILL COMBO: DEAD_ZONE + LOW_TRIGGER + LOW_VOLUME | exec_score=21 (irrelevant — combo fires)
2026-04-15 12:17:23 | INFO  | ✅  LONG | score=58.9 | PASS | grade=B | session=70 trigger_quality=50 spread=60 whale_alignment=60 entry_position=70 volume_env=56 positioning=50 | ✅ Execution quality: 59/100
2026-04-15 12:17:23 | INFO  | ⛔  LONG | score=70.8 | BLOCK | grade=A | KILL_COMBO=LOW_TRIGGER + LOW_VOLUME | bad=[trigger_quality, volume_env] | session=100 trigger_quality=20 spread=100 whale_alignment=100 entry_position=100 volume_env=25 positioning=50 | ⛔ KILL COMBO: LOW_TRIGGER + LOW_VOLUME | exec_score=71 (irrelevant — combo fires)
2026-04-15 12:17:23 | INFO  | ✅  LONG | score=55.2 | PASS | grade=B | bad=[trigger_quality, volume_env] | session=100 trigger_quality=25 spread=60 whale_alignment=60 entry_position=70 volume_env=25 positioning=50 | ✅ Execution quality: 55/100
2026-04-15 12:17:23 | INFO  | ✅  LONG | score=58.2 | PASS | grade=B | bad=[trigger_quality] | session=100 trigger_quality=15 spread=60 whale_alignment=60 entry_position=70 volume_env=58 positioning=50 | ✅ Execution quality: 58/100
2026-04-15 12:17:23 | INFO  | ⛔  SHORT | score=67.5 | BLOCK | grade=A | KILL_COMBO=EXTREME_WHALE_OPPOSITION (91% vs SHORT) | bad=[whale_alignment] | session=100 trigger_quality=70 spread=60 whale_alignment=15 entry_position=70 volume_env=92 positioning=50 | ⛔ KILL COMBO: EXTREME_WHALE_OPPOSITION (91% vs SHORT) | exec_score=68 (irrelevant — combo fires)
2026-04-15 12:17:23 | INFO  | ✅  SHORT | score=69.7 | PASS | grade=A+ | bad=[whale_alignment] | session=100 trigger_quality=70 spread=60 whale_alignment=15 entry_position=100 volume_env=76 positioning=50 | ✅ Execution quality: 70/100
2026-04-15 12:17:23 | INFO  | ⛔  LONG | score=52.1 | BLOCK | grade=B | KILL_COMBO=EXTREME_WHALE_OPPOSITION (10% vs LONG) | bad=[whale_alignment] | session=70 trigger_quality=50 spread=60 whale_alignment=15 entry_position=70 volume_env=56 positioning=50 | ⛔ KILL COMBO: EXTREME_WHALE_OPPOSITION (10% vs LONG) | exec_score=52 (irrelevant — combo fires)
2026-04-15 12:17:23 | INFO  | ✅  SHORT | score=55.5 | PASS | grade=B | bad=[whale_alignment] | session=70 trigger_quality=50 spread=60 whale_alignment=38 entry_position=70 volume_env=56 positioning=50 | ✅ Execution quality: 56/100
2026-04-15 12:17:23 | INFO  | ⛔  LONG | score=63.6 | BLOCK | grade=A | KILL_COMBO=DEAD_ZONE + WIDE_SPREAD (74 bps) | bad=[session] | session=15 trigger_quality=70 spread=48 whale_alignment=100 entry_position=100 volume_env=76 positioning=50 | ⛔ KILL COMBO: DEAD_ZONE + WIDE_SPREAD (74 bps) | exec_score=64 (irrelevant — combo fires)
2026-04-15 12:17:23 | INFO  | ✅  LONG | score=53.9 | PASS | grade=B | bad=[session] | session=15 trigger_quality=50 spread=100 whale_alignment=60 entry_position=70 volume_env=56 positioning=50 | ✅ Execution quality: 54/100
2026-04-15 12:17:23 | INFO  | ⛔  LONG | score=60.4 | BLOCK | grade=A | KILL_COMBO=WRONG_ZONE (premium) + LOW_TRIGGER | bad=[trigger_quality, entry_position] | session=100 trigger_quality=20 spread=60 whale_alignment=100 entry_position=20 volume_env=76 positioning=50 | ⛔ KILL COMBO: WRONG_ZONE (premium) + LOW_TRIGGER | exec_score=60 (irrelevant — combo fires)
2026-04-15 12:17:23 | INFO  | ⛔  SHORT | score=51.4 | BLOCK | grade=B | KILL_COMBO=WRONG_ZONE (discount) + LOW_TRIGGER | bad=[trigger_quality, entry_position] | session=100 trigger_quality=20 spread=60 whale_alignment=60 entry_position=20 volume_env=56 positioning=50 | ⛔ KILL COMBO: WRONG_ZONE (discount) + LOW_TRIGGER | exec_score=51 (irrelevant — combo fires)
2026-04-15 12:17:23 | INFO  | ✅  LONG | score=66.4 | PASS | grade=B | bad=[trigger_quality] | session=100 trigger_quality=20 spread=60 whale_alignment=60 entry_position=100 volume_env=76 positioning=50 | ✅ Execution quality: 66/100
2026-04-15 12:17:23 | INFO  | ⛔  LONG | score=52.5 | BLOCK | grade=A+ | KILL_COMBO=DEAD_ZONE + LOW_TRIGGER + LOW_VOLUME | bad=[session, trigger_quality, volume_env] | session=15 trigger_quality=15 spread=100 whale_alignment=100 entry_position=100 volume_env=23 positioning=50 | ⛔ KILL COMBO: DEAD_ZONE + LOW_TRIGGER + LOW_VOLUME | exec_score=52 (irrelevant — combo fires)
2026-04-15 12:17:23 | INFO  | ⛔  SHORT | score=52.1 | BLOCK | grade=B | KILL_COMBO=EXTREME_WHALE_OPPOSITION (91% vs SHORT) | bad=[whale_alignment] | session=70 trigger_quality=50 spread=60 whale_alignment=15 entry_position=70 volume_env=56 positioning=50 | ⛔ KILL COMBO: EXTREME_WHALE_OPPOSITION (91% vs SHORT) | exec_score=52 (irrelevant — combo fires)
2026-04-15 12:17:23 | INFO  | ⛔  LONG | score=36.0 | BLOCK | grade=B | KILL_COMBO=DEAD_ZONE + LOW_TRIGGER + LOW_VOLUME | bad=[session, trigger_quality, volume_env] | session=15 trigger_quality=15 spread=60 whale_alignment=60 entry_position=70 volume_env=23 positioning=50 | ⛔ KILL COMBO: DEAD_ZONE + LOW_TRIGGER + LOW_VOLUME | exec_score=36 (irrelevant — combo fires) | {"near_miss": true}
2026-04-15 12:17:23 | INFO  | ⛔  SHORT | score=49.1 | BLOCK | grade=B | KILL_COMBO=EXTREME_WHALE_OPPOSITION (91% vs SHORT) | bad=[trigger_quality, whale_alignment, volume_env] | session=100 trigger_quality=27 spread=48 whale_alignment=15 entry_position=70 volume_env=39 positioning=50 | ⛔ KILL COMBO: EXTREME_WHALE_OPPOSITION (91% vs SHORT) | exec_score=49 (irrelevant — combo fires) | {"near_miss": true}
2026-04-15 12:17:23 | INFO  | ⚠️  SHORT | score=45.6 | PENALIZE (×0.85) | grade=A+ | bad=[trigger_quality, whale_alignment, volume_env] | session=100 trigger_quality=27 spread=58 whale_alignment=15 entry_position=70 volume_env=39 positioning=50 | ⚠️ EXECUTION GATE: weak execution (46/100) — conf ×0.85 | weak=[trigger_quality, whale_alignment, volume_env]
2026-04-15 12:17:23 | INFO  | ⛔  SHORT | score=50.6 | BLOCK | grade=A | KILL_COMBO=EXTREME_WHALE_OPPOSITION (91% vs SHORT) | bad=[trigger_quality, whale_alignment, volume_env] | session=100 trigger_quality=27 spread=58 whale_alignment=15 entry_position=70 volume_env=39 positioning=50 | ⛔ KILL COMBO: EXTREME_WHALE_OPPOSITION (91% vs SHORT) | exec_score=51 (irrelevant — combo fires)
2026-04-15 12:17:23 | INFO  | ⛔  LONG | score=33.6 | BLOCK | grade=B | KILL_COMBO=DEAD_ZONE + WIDE_SPREAD (235 bps) | bad=[session, trigger_quality, spread] | session=15 trigger_quality=27 spread=10 whale_alignment=60 entry_position=70 volume_env=41 positioning=50 | ⛔ KILL COMBO: DEAD_ZONE + WIDE_SPREAD (235 bps) | exec_score=34 (irrelevant — combo fires) | {"near_miss": true}
2026-04-15 12:17:23 | INFO  | ✅  LONG | score=83.7 | PASS | grade=A | session=100 trigger_quality=45 spread=100 whale_alignment=100 entry_position=100 volume_env=78 positioning=50 | ✅ Execution quality: 84/100
2026-04-15 12:17:23 | INFO  | ✅  LONG | score=85.3 | PASS | grade=A | session=100 trigger_quality=80 spread=100 whale_alignment=100 entry_position=50 volume_env=92 positioning=50 | ✅ Execution quality: 85/100
2026-04-15 12:17:23 | INFO  | ✅  LONG | score=80.8 | PASS | grade=A | bad=[entry_position] | session=100 trigger_quality=82 spread=97 whale_alignment=100 entry_position=20 volume_env=92 positioning=50 | ✅ Execution quality: 81/100
2026-04-15 12:17:23 | INFO  | ✅  SHORT | score=83.0 | PASS | grade=A | session=70 trigger_quality=78 spread=92 whale_alignment=100 entry_position=100 volume_env=77 positioning=50 | ✅ Execution quality: 83/100
2026-04-15 12:17:23 | INFO  | ⛔  LONG | score=49.5 | BLOCK | grade=A+ | KILL_COMBO=DEAD_ZONE + WIDE_SPREAD (84 bps) | bad=[session, entry_position] | session=15 trigger_quality=62 spread=43 whale_alignment=100 entry_position=20 volume_env=78 positioning=50 | ⛔ KILL COMBO: DEAD_ZONE + WIDE_SPREAD (84 bps) | exec_score=49 (irrelevant — combo fires) | {"near_miss": true}
2026-04-15 12:17:23 | INFO  | ✅  LONG | score=73.2 | PASS | grade=A+ | bad=[entry_position] | session=100 trigger_quality=62 spread=88 whale_alignment=100 entry_position=20 volume_env=78 positioning=50 | ✅ Execution quality: 73/100
2026-04-15 12:17:23 | INFO  | ⛔  LONG | score=75.3 | BLOCK | grade=A | KILL_COMBO=EXTREME_WHALE_OPPOSITION (8% vs LONG) | bad=[whale_alignment] | session=100 trigger_quality=70 spread=97 whale_alignment=15 entry_position=100 volume_env=77 positioning=50 | ⛔ KILL COMBO: EXTREME_WHALE_OPPOSITION (8% vs LONG) | exec_score=75 (irrelevant — combo fires)
2026-04-15 12:17:23 | INFO  | ✅  LONG | score=78.7 | PASS | grade=A | bad=[whale_alignment] | session=100 trigger_quality=70 spread=97 whale_alignment=38 entry_position=100 volume_env=77 positioning=50 | ✅ Execution quality: 79/100
2026-04-15 12:17:23 | INFO  | ✅  LONG | score=82.1 | PASS | grade=A | bad=[entry_position] | session=100 trigger_quality=85 spread=100 whale_alignment=100 entry_position=20 volume_env=94 positioning=50 | ✅ Execution quality: 82/100
2026-04-15 12:17:23 | INFO  | ✅  LONG | score=73.3 | PASS | grade=B | bad=[volume_env] | session=100 trigger_quality=75 spread=85 whale_alignment=60 entry_position=100 volume_env=24 positioning=50 | ✅ Execution quality: 73/100
2026-04-15 12:17:23 | INFO  | ✅  SHORT | score=81.1 | PASS | grade=A | bad=[entry_position] | session=100 trigger_quality=80 spread=100 whale_alignment=100 entry_position=20 volume_env=94 positioning=50 | ✅ Execution quality: 81/100
2026-04-15 12:17:23 | INFO  | ✅  SHORT | score=70.8 | PASS | grade=A | bad=[whale_alignment] | session=100 trigger_quality=55 spread=85 whale_alignment=19 entry_position=100 volume_env=74 positioning=50 | ✅ Execution quality: 71/100
2026-04-15 12:17:23 | INFO  | ✅  LONG | score=75.9 | PASS | grade=A | bad=[session] | session=15 trigger_quality=80 spread=100 whale_alignment=100 entry_position=100 volume_env=93 positioning=50 | ✅ Execution quality: 76/100
2026-04-15 12:17:23 | INFO  | ✅  LONG | score=84.2 | PASS | grade=A+ | bad=[volume_env] | session=100 trigger_quality=82 spread=100 whale_alignment=100 entry_position=100 volume_env=32 positioning=50 | ✅ Execution quality: 84/100
2026-04-15 12:17:23 | INFO  | ⛔  LONG | score=31.8 | BLOCK | grade=B | bad=[session, trigger_quality, entry_position] | session=15 trigger_quality=30 spread=62 whale_alignment=60 entry_position=20 volume_env=56 positioning=50 | ⛔ EXECUTION GATE: NO TRADE | score=32/35 | bad=[session, trigger_quality, entry_position] | {"near_miss": true}
2026-04-15 12:17:23 | INFO  | ✅  LONG | score=60.3 | PASS | grade=B | bad=[session, entry_position] | session=15 trigger_quality=80 spread=92 whale_alignment=100 entry_position=20 volume_env=76 positioning=50 | ✅ Execution quality: 60/100
2026-04-15 12:17:23 | INFO  | ⛔  LONG | score=23.4 | BLOCK | grade=B | bad=[session, trigger_quality, entry_position, volume_env] | session=15 trigger_quality=35 spread=62 whale_alignment=60 entry_position=20 volume_env=27 positioning=50 | ⛔ EXECUTION GATE: NO TRADE | score=23/35 | bad=[session, trigger_quality, entry_position, volume_env]
2026-04-15 12:17:23 | INFO  | ⛔  LONG | score=13.8 | BLOCK | grade=B | bad=[session, trigger_quality, whale_alignment, entry_position, volume_env] | session=15 trigger_quality=30 spread=62 whale_alignment=38 entry_position=20 volume_env=25 positioning=50 | ⛔ EXECUTION GATE: NO TRADE | score=14/35 | bad=[session, trigger_quality, whale_alignment, entry_position, volume_env]
2026-04-15 12:17:23 | INFO  | ✅  LONG | score=56.8 | PASS | grade=B | bad=[trigger_quality] | session=55 trigger_quality=40 spread=78 whale_alignment=60 entry_position=70 volume_env=58 positioning=50 | ✅ Execution quality: 57/100
2026-04-15 12:17:23 | INFO  | ⛔  LONG | score=29.7 | BLOCK | grade=B | bad=[session, trigger_quality, volume_env] | session=15 trigger_quality=28 spread=62 whale_alignment=49 entry_position=50 volume_env=26 positioning=50 | ⛔ EXECUTION GATE: NO TRADE | score=30/35 | bad=[session, trigger_quality, volume_env] | {"near_miss": true}
2026-04-15 12:17:23 | INFO  | ✅  LONG | score=57.9 | PASS | grade=A+ | bad=[session, trigger_quality] | session=15 trigger_quality=40 spread=100 whale_alignment=100 entry_position=70 volume_env=56 positioning=50 | ✅ Execution quality: 58/100
2026-04-15 12:17:23 | INFO  | ⛔  LONG | score=35.8 | BLOCK | grade=A+ | KILL_COMBO=DEAD_ZONE + LOW_TRIGGER + LOW_VOLUME | bad=[session, trigger_quality, entry_position, volume_env] | session=15 trigger_quality=20 spread=100 whale_alignment=60 entry_position=20 volume_env=25 positioning=50 | ⛔ KILL COMBO: DEAD_ZONE + LOW_TRIGGER + LOW_VOLUME | exec_score=36 (irrelevant — combo fires) | {"near_miss": true}
2026-04-15 12:17:23 | INFO  | ✅  LONG | score=53.7 | PASS | grade=B | bad=[trigger_quality] | session=55 trigger_quality=35 spread=68 whale_alignment=60 entry_position=70 volume_env=54 positioning=50 | ✅ Execution quality: 54/100
2026-04-15 12:17:23 | INFO  | ✅  LONG | score=83.6 | PASS | grade=A | session=100 trigger_quality=65 spread=92 whale_alignment=100 entry_position=100 volume_env=58 positioning=50 | ✅ Execution quality: 84/100
2026-04-15 12:17:23 | INFO  | ✅  LONG | score=94.9 | PASS | grade=A+ | session=100 trigger_quality=88 spread=100 whale_alignment=100 entry_position=100 volume_env=95 positioning=50 | ✅ Execution quality: 95/100
2026-04-15 12:17:23 | INFO  | ⛔  LONG | score=38.4 | BLOCK | grade=B | KILL_COMBO=DEAD_ZONE + LOW_TRIGGER + LOW_VOLUME | bad=[session, trigger_quality, volume_env] | session=15 trigger_quality=22 spread=65 whale_alignment=60 entry_position=70 volume_env=25 positioning=50 | ⛔ KILL COMBO: DEAD_ZONE + LOW_TRIGGER + LOW_VOLUME | exec_score=38 (irrelevant — combo fires) | {"near_miss": true}
2026-04-15 12:17:23 | INFO  | ⛔  SHORT | score=70.8 | BLOCK | grade=B | KILL_COMBO=EXTREME_WHALE_OPPOSITION (92% vs SHORT) | bad=[whale_alignment] | session=100 trigger_quality=65 spread=92 whale_alignment=15 entry_position=100 volume_env=58 positioning=50 | ⛔ KILL COMBO: EXTREME_WHALE_OPPOSITION (92% vs SHORT) | exec_score=71 (irrelevant — combo fires)
2026-04-15 12:17:23 | INFO  | ⛔  LONG | score=61.0 | BLOCK | grade=B | KILL_COMBO=WRONG_ZONE (premium) + LOW_TRIGGER | bad=[trigger_quality, entry_position] | session=100 trigger_quality=18 spread=85 whale_alignment=100 entry_position=20 volume_env=58 positioning=50 | ⛔ KILL COMBO: WRONG_ZONE (premium) + LOW_TRIGGER | exec_score=61 (irrelevant — combo fires)
2026-04-15 12:17:23 | INFO  | ⛔  LONG | score=49.5 | BLOCK | grade=A+ | KILL_COMBO=DEAD_ZONE + WIDE_SPREAD (84 bps) | bad=[session, entry_position] | session=15 trigger_quality=62 spread=43 whale_alignment=100 entry_position=20 volume_env=78 positioning=50 | ⛔ KILL COMBO: DEAD_ZONE + WIDE_SPREAD (84 bps) | exec_score=49 (irrelevant — combo fires) | {"near_miss": true}
2026-04-15 12:17:23 | INFO  | ✅  LONG | score=85.2 | PASS | grade=A+ | session=100 trigger_quality=62 spread=88 whale_alignment=100 entry_position=100 volume_env=78 positioning=50 | ✅ Execution quality: 85/100
2026-04-15 12:17:23 | INFO  | ⛔ BTCUSDT SHORT | score=88.6 | BLOCK | grade=B | KILL_COMBO=SEMANTIC_KILL: HTF_TREND BULL vs SHORT (no reversal signal) | session=100 trigger_quality=80 spread=100 whale_alignment=100 entry_position=100 volume_env=64 positioning=50 | ⛔ KILL COMBO: SEMANTIC_KILL: HTF_TREND BULL vs SHORT (no reversal signal) | exec_score=89 (irrelevant — combo fires)
2026-04-15 12:17:23 | INFO  | ✅ BTCUSDT LONG | score=90.4 | PASS | grade=B | session=100 trigger_quality=80 spread=100 whale_alignment=100 entry_position=100 volume_env=76 positioning=50 | ✅ Execution quality: 90/100
2026-04-15 12:17:29 | INFO  | ✅  LONG | score=58.7 | PASS | grade=B | bad=[trigger_quality] | session=55 trigger_quality=30 spread=78 whale_alignment=60 entry_position=100 volume_env=54 positioning=50 | ✅ Execution quality: 59/100
2026-04-15 12:17:29 | INFO  | ⛔  LONG | score=12.9 | BLOCK | grade=B | KILL_COMBO=DEAD_ZONE + LOW_TRIGGER + LOW_VOLUME | bad=[session, trigger_quality, spread, whale_alignment, entry_position, volume_env] | session=15 trigger_quality=10 spread=10 whale_alignment=15 entry_position=20 volume_env=21 positioning=50 | ⛔ KILL COMBO: DEAD_ZONE + LOW_TRIGGER + LOW_VOLUME | exec_score=13 (irrelevant — combo fires)
2026-04-15 12:17:29 | INFO  | ✅  LONG | score=93.8 | PASS | grade=A | session=100 trigger_quality=85 spread=100 whale_alignment=100 entry_position=100 volume_env=92 positioning=50 | ✅ Execution quality: 94/100
2026-04-15 12:17:29 | INFO  | ⛔  LONG | score=70.5 | BLOCK | grade=B | KILL_COMBO=LOW_TRIGGER + LOW_VOLUME | bad=[trigger_quality, volume_env] | session=100 trigger_quality=20 spread=100 whale_alignment=100 entry_position=100 volume_env=23 positioning=50 | ⛔ KILL COMBO: LOW_TRIGGER + LOW_VOLUME | exec_score=70 (irrelevant — combo fires)
2026-04-15 12:17:50 | INFO  | ✅  LONG | score=93.8 | PASS | grade=A | session=100 trigger_quality=85 spread=100 whale_alignment=100 entry_position=100 volume_env=92 positioning=50 | ✅ Execution quality: 94/100
2026-04-15 12:17:50 | INFO  | ⛔  LONG | score=14.2 | BLOCK | grade=B | KILL_COMBO=DEAD_ZONE + LOW_TRIGGER + LOW_VOLUME | bad=[session, trigger_quality, spread, whale_alignment, entry_position, volume_env] | session=15 trigger_quality=15 spread=10 whale_alignment=15 entry_position=20 volume_env=23 positioning=50 | ⛔ KILL COMBO: DEAD_ZONE + LOW_TRIGGER + LOW_VOLUME | exec_score=14 (irrelevant — combo fires)
2026-04-15 12:17:50 | INFO  | ✅  SHORT | score=55.6 | PASS | grade=B | bad=[trigger_quality] | session=70 trigger_quality=35 spread=60 whale_alignment=60 entry_position=70 volume_env=54 positioning=50 | ✅ Execution quality: 56/100
2026-04-15 12:17:50 | INFO  | ⛔  LONG | score=45.6 | BLOCK | grade=A+ | KILL_COMBO=DEAD_ZONE + WIDE_SPREAD (80 bps) | bad=[session, trigger_quality] | session=15 trigger_quality=20 spread=45 whale_alignment=100 entry_position=70 volume_env=56 positioning=50 | ⛔ KILL COMBO: DEAD_ZONE + WIDE_SPREAD (80 bps) | exec_score=46 (irrelevant — combo fires) | {"near_miss": true}
2026-04-15 12:17:50 | INFO  | ⛔  LONG | score=13.2 | BLOCK | grade=A+ | KILL_COMBO=DEAD_ZONE + LOW_TRIGGER + LOW_VOLUME | bad=[session, trigger_quality, spread, whale_alignment, entry_position, volume_env] | session=15 trigger_quality=10 spread=10 whale_alignment=15 entry_position=20 volume_env=23 positioning=50 | ⛔ KILL COMBO: DEAD_ZONE + LOW_TRIGGER + LOW_VOLUME | exec_score=13 (irrelevant — combo fires)
2026-04-15 12:17:50 | INFO  | ✅  LONG | score=97.6 | PASS | grade=A | session=100 trigger_quality=82 spread=100 whale_alignment=100 entry_position=100 volume_env=94 positioning=71 | ✅ Execution quality: 98/100
2026-04-15 12:17:50 | INFO  | ⛔  LONG | score=62.4 | BLOCK | grade=B | KILL_COMBO=LOW_TRIGGER + LOW_VOLUME | bad=[trigger_quality, volume_env] | session=100 trigger_quality=0 spread=60 whale_alignment=100 entry_position=100 volume_env=36 positioning=50 | ⛔ KILL COMBO: LOW_TRIGGER + LOW_VOLUME | exec_score=62 (irrelevant — combo fires)
2026-04-15 12:17:50 | INFO  | ⛔  SHORT | score=93.2 | BLOCK | grade=A | KILL_COMBO=SEMANTIC_KILL: BULLISH_CHOCH vs SHORT | session=100 trigger_quality=82 spread=100 whale_alignment=100 entry_position=100 volume_env=92 positioning=50 | ⛔ KILL COMBO: SEMANTIC_KILL: BULLISH_CHOCH vs SHORT | exec_score=93 (irrelevant — combo fires)
2026-04-15 12:17:50 | INFO  | ✅  SHORT | score=84.1 | PASS | grade=A | bad=[whale_alignment] | session=100 trigger_quality=74 spread=97 whale_alignment=15 entry_position=100 volume_env=89 positioning=81 | ✅ Execution quality: 84/100
2026-04-15 12:17:50 | INFO  | ⛔  SHORT | score=79.1 | BLOCK | grade=A | KILL_COMBO=SEMANTIC_KILL: HTF_TREND BULL vs SHORT (no reversal signal) | bad=[whale_alignment] | session=100 trigger_quality=74 spread=97 whale_alignment=15 entry_position=100 volume_env=89 positioning=56 | ⛔ KILL COMBO: SEMANTIC_KILL: HTF_TREND BULL vs SHORT (no reversal signal) | exec_score=79 (irrelevant — combo fires)
2026-04-15 12:17:50 | INFO  | ✅  LONG | score=65.0 | PASS | grade=B | bad=[session] | session=15 trigger_quality=50 spread=100 whale_alignment=100 entry_position=100 volume_env=60 positioning=50 | ✅ Execution quality: 65/100
2026-04-15 12:17:50 | INFO  | ✅  LONG | score=82.0 | PASS | grade=B | session=100 trigger_quality=50 spread=100 whale_alignment=100 entry_position=100 volume_env=60 positioning=50 | ✅ Execution quality: 82/100
2026-04-15 12:17:50 | INFO  | ✅  LONG | score=99.0 | PASS | grade=A | session=100 trigger_quality=75 spread=100 whale_alignment=100 entry_position=100 volume_env=92 positioning=86 | ✅ Execution quality: 99/100
2026-04-15 12:17:50 | INFO  | ✅  LONG | score=85.8 | PASS | grade=A | bad=[positioning] | session=100 trigger_quality=75 spread=100 whale_alignment=100 entry_position=100 volume_env=92 positioning=14 | ✅ Execution quality: 86/100
2026-04-15 12:17:50 | INFO  | ✅  LONG | score=82.0 | PASS | grade=B | session=100 trigger_quality=50 spread=100 whale_alignment=100 entry_position=100 volume_env=60 positioning=50 | ✅ Execution quality: 82/100
2026-04-15 12:17:50 | INFO  | ✅  LONG | score=64.9 | PASS | grade=B | session=100 trigger_quality=50 spread=60 whale_alignment=60 entry_position=70 volume_env=56 positioning=50 | ✅ Execution quality: 65/100
2026-04-15 12:17:50 | INFO  | ⚠️  LONG | score=47.9 | PENALIZE (×0.85) | grade=B | bad=[session] | session=15 trigger_quality=50 spread=60 whale_alignment=60 entry_position=70 volume_env=56 positioning=50 | ⚠️ EXECUTION GATE: weak execution (48/100) — conf ×0.85 | weak=[session]
2026-04-15 12:17:50 | INFO  | ✅  LONG | score=52.9 | PASS | grade=B | bad=[session] | session=40 trigger_quality=50 spread=60 whale_alignment=60 entry_position=70 volume_env=56 positioning=50 | ✅ Execution quality: 53/100
2026-04-15 12:17:50 | INFO  | ⚠️  LONG | score=47.9 | PENALIZE (×0.85) | grade=B | bad=[session] | session=15 trigger_quality=50 spread=60 whale_alignment=60 entry_position=70 volume_env=56 positioning=50 | ⚠️ EXECUTION GATE: weak execution (48/100) — conf ×0.85 | weak=[session]
2026-04-15 12:17:50 | INFO  | ✅  LONG | score=64.9 | PASS | grade=B | session=100 trigger_quality=50 spread=60 whale_alignment=60 entry_position=70 volume_env=56 positioning=50 | ✅ Execution quality: 65/100
2026-04-15 12:17:50 | INFO  | ✅  LONG | score=58.9 | PASS | grade=B | session=70 trigger_quality=50 spread=60 whale_alignment=60 entry_position=70 volume_env=56 positioning=50 | ✅ Execution quality: 59/100
2026-04-15 12:17:50 | INFO  | ✅  LONG | score=64.9 | PASS | grade=B | session=70 trigger_quality=50 spread=100 whale_alignment=60 entry_position=70 volume_env=56 positioning=50 | ✅ Execution quality: 65/100
2026-04-15 12:17:50 | INFO  | ✅  LONG | score=51.4 | PASS | grade=B | bad=[spread] | session=70 trigger_quality=50 spread=10 whale_alignment=60 entry_position=70 volume_env=56 positioning=50 | ✅ Execution quality: 51/100
2026-04-15 12:17:50 | INFO  | ✅  LONG | score=56.6 | PASS | grade=B | session=70 trigger_quality=50 spread=45 whale_alignment=60 entry_position=70 volume_env=56 positioning=50 | ✅ Execution quality: 57/100
2026-04-15 12:17:50 | INFO  | ✅  LONG | score=58.9 | PASS | grade=B | session=70 trigger_quality=50 spread=60 whale_alignment=60 entry_position=70 volume_env=56 positioning=50 | ✅ Execution quality: 59/100
2026-04-15 12:17:50 | INFO  | ✅  LONG | score=64.9 | PASS | grade=B | session=70 trigger_quality=50 spread=60 whale_alignment=100 entry_position=70 volume_env=56 positioning=50 | ✅ Execution quality: 65/100
2026-04-15 12:17:50 | INFO  | ⛔  SHORT | score=52.1 | BLOCK | grade=B | KILL_COMBO=EXTREME_WHALE_OPPOSITION (91% vs SHORT) | bad=[whale_alignment] | session=70 trigger_quality=50 spread=60 whale_alignment=15 entry_position=70 volume_env=56 positioning=50 | ⛔ KILL COMBO: EXTREME_WHALE_OPPOSITION (91% vs SHORT) | exec_score=52 (irrelevant — combo fires)
2026-04-15 12:17:50 | INFO  | ✅  SHORT | score=58.9 | PASS | grade=B | session=70 trigger_quality=50 spread=60 whale_alignment=60 entry_position=70 volume_env=56 positioning=50 | ✅ Execution quality: 59/100
2026-04-15 12:17:50 | INFO  | ✅  LONG | score=58.9 | PASS | grade=B | session=70 trigger_quality=50 spread=60 whale_alignment=60 entry_position=70 volume_env=56 positioning=50 | ✅ Execution quality: 59/100
2026-04-15 12:17:50 | INFO  | ✅  LONG | score=63.4 | PASS | grade=B | session=70 trigger_quality=50 spread=60 whale_alignment=60 entry_position=100 volume_env=56 positioning=50 | ✅ Execution quality: 63/100
2026-04-15 12:17:50 | INFO  | ✅  SHORT | score=63.4 | PASS | grade=B | session=70 trigger_quality=50 spread=60 whale_alignment=60 entry_position=100 volume_env=56 positioning=50 | ✅ Execution quality: 63/100
2026-04-15 12:17:50 | INFO  | ✅  LONG | score=51.4 | PASS | grade=B | bad=[entry_position] | session=70 trigger_quality=50 spread=60 whale_alignment=60 entry_position=20 volume_env=56 positioning=50 | ✅ Execution quality: 51/100
2026-04-15 12:17:50 | INFO  | ✅  SHORT | score=51.4 | PASS | grade=B | bad=[entry_position] | session=70 trigger_quality=50 spread=60 whale_alignment=60 entry_position=20 volume_env=56 positioning=50 | ✅ Execution quality: 51/100
2026-04-15 12:17:50 | INFO  | ✅  LONG | score=58.9 | PASS | grade=B | session=70 trigger_quality=50 spread=60 whale_alignment=60 entry_position=70 volume_env=56 positioning=50 | ✅ Execution quality: 59/100
2026-04-15 12:17:50 | INFO  | ✅  LONG | score=64.3 | PASS | grade=B | session=70 trigger_quality=50 spread=60 whale_alignment=60 entry_position=70 volume_env=92 positioning=50 | ✅ Execution quality: 64/100
2026-04-15 12:17:50 | INFO  | ✅  LONG | score=54.2 | PASS | grade=B | bad=[volume_env] | session=70 trigger_quality=50 spread=60 whale_alignment=60 entry_position=70 volume_env=25 positioning=50 | ✅ Execution quality: 54/100
2026-04-15 12:17:50 | INFO  | ⛔  LONG | score=31.8 | BLOCK | grade=B | bad=[session, whale_alignment, entry_position] | session=15 trigger_quality=45 spread=65 whale_alignment=38 entry_position=20 volume_env=56 positioning=50 | ⛔ EXECUTION GATE: NO TRADE | score=32/35 | bad=[session, whale_alignment, entry_position] | {"near_miss": true}
2026-04-15 12:17:50 | INFO  | ✅  LONG | score=61.8 | PASS | grade=B | bad=[session, trigger_quality] | session=15 trigger_quality=10 spread=100 whale_alignment=100 entry_position=100 volume_env=92 positioning=50 | ✅ Execution quality: 62/100
2026-04-15 12:17:50 | INFO  | ⛔  LONG | score=33.6 | BLOCK | grade=B | KILL_COMBO=DEAD_ZONE + WIDE_SPREAD (235 bps) | bad=[session, trigger_quality, spread] | session=15 trigger_quality=27 spread=10 whale_alignment=60 entry_position=70 volume_env=41 positioning=50 | ⛔ KILL COMBO: DEAD_ZONE + WIDE_SPREAD (235 bps) | exec_score=34 (irrelevant — combo fires) | {"near_miss": true}
2026-04-15 12:17:50 | INFO  | ⛔  SHORT | score=49.1 | BLOCK | grade=B | KILL_COMBO=EXTREME_WHALE_OPPOSITION (91% vs SHORT) | bad=[trigger_quality, whale_alignment, volume_env] | session=100 trigger_quality=27 spread=48 whale_alignment=15 entry_position=70 volume_env=39 positioning=50 | ⛔ KILL COMBO: EXTREME_WHALE_OPPOSITION (91% vs SHORT) | exec_score=49 (irrelevant — combo fires) | {"near_miss": true}
2026-04-15 12:17:50 | INFO  | ⛔  SHORT | score=50.6 | BLOCK | grade=A | KILL_COMBO=EXTREME_WHALE_OPPOSITION (91% vs SHORT) | bad=[trigger_quality, whale_alignment, volume_env] | session=100 trigger_quality=27 spread=58 whale_alignment=15 entry_position=70 volume_env=39 positioning=50 | ⛔ KILL COMBO: EXTREME_WHALE_OPPOSITION (91% vs SHORT) | exec_score=51 (irrelevant — combo fires)
2026-04-15 12:17:50 | INFO  | ✅  LONG | score=93.1 | PASS | grade=A+ | session=100 trigger_quality=80 spread=100 whale_alignment=100 entry_position=100 volume_env=94 positioning=50 | ✅ Execution quality: 93/100
2026-04-15 12:17:50 | INFO  | ✅  LONG | score=75.2 | PASS | grade=A | bad=[session] | session=40 trigger_quality=75 spread=85 whale_alignment=100 entry_position=100 volume_env=76 positioning=50 | ✅ Execution quality: 75/100
2026-04-15 12:17:50 | INFO  | ✅  LONG | score=58.9 | PASS | grade=B | session=70 trigger_quality=50 spread=60 whale_alignment=60 entry_position=70 volume_env=56 positioning=50 | ✅ Execution quality: 59/100
2026-04-15 12:17:50 | INFO  | ⛔  LONG | score=20.7 | BLOCK | grade=B | KILL_COMBO=DEAD_ZONE + LOW_TRIGGER + LOW_VOLUME | bad=[session, trigger_quality, spread, whale_alignment, volume_env] | session=15 trigger_quality=10 spread=10 whale_alignment=15 entry_position=70 volume_env=23 positioning=50 | ⛔ KILL COMBO: DEAD_ZONE + LOW_TRIGGER + LOW_VOLUME | exec_score=21 (irrelevant — combo fires)
2026-04-15 12:17:50 | INFO  | ✅  LONG | score=58.9 | PASS | grade=B | session=70 trigger_quality=50 spread=60 whale_alignment=60 entry_position=70 volume_env=56 positioning=50 | ✅ Execution quality: 59/100
2026-04-15 12:17:50 | INFO  | ⛔  LONG | score=70.8 | BLOCK | grade=A | KILL_COMBO=LOW_TRIGGER + LOW_VOLUME | bad=[trigger_quality, volume_env] | session=100 trigger_quality=20 spread=100 whale_alignment=100 entry_position=100 volume_env=25 positioning=50 | ⛔ KILL COMBO: LOW_TRIGGER + LOW_VOLUME | exec_score=71 (irrelevant — combo fires)
2026-04-15 12:17:50 | INFO  | ✅  LONG | score=55.2 | PASS | grade=B | bad=[trigger_quality, volume_env] | session=100 trigger_quality=25 spread=60 whale_alignment=60 entry_position=70 volume_env=25 positioning=50 | ✅ Execution quality: 55/100
2026-04-15 12:17:50 | INFO  | ✅  LONG | score=58.2 | PASS | grade=B | bad=[trigger_quality] | session=100 trigger_quality=15 spread=60 whale_alignment=60 entry_position=70 volume_env=58 positioning=50 | ✅ Execution quality: 58/100
2026-04-15 12:17:50 | INFO  | ⛔  SHORT | score=67.5 | BLOCK | grade=A | KILL_COMBO=EXTREME_WHALE_OPPOSITION (91% vs SHORT) | bad=[whale_alignment] | session=100 trigger_quality=70 spread=60 whale_alignment=15 entry_position=70 volume_env=92 positioning=50 | ⛔ KILL COMBO: EXTREME_WHALE_OPPOSITION (91% vs SHORT) | exec_score=68 (irrelevant — combo fires)
2026-04-15 12:17:50 | INFO  | ✅  SHORT | score=69.7 | PASS | grade=A+ | bad=[whale_alignment] | session=100 trigger_quality=70 spread=60 whale_alignment=15 entry_position=100 volume_env=76 positioning=50 | ✅ Execution quality: 70/100
2026-04-15 12:17:50 | INFO  | ⛔  LONG | score=52.1 | BLOCK | grade=B | KILL_COMBO=EXTREME_WHALE_OPPOSITION (10% vs LONG) | bad=[whale_alignment] | session=70 trigger_quality=50 spread=60 whale_alignment=15 entry_position=70 volume_env=56 positioning=50 | ⛔ KILL COMBO: EXTREME_WHALE_OPPOSITION (10% vs LONG) | exec_score=52 (irrelevant — combo fires)
2026-04-15 12:17:50 | INFO  | ✅  SHORT | score=55.5 | PASS | grade=B | bad=[whale_alignment] | session=70 trigger_quality=50 spread=60 whale_alignment=38 entry_position=70 volume_env=56 positioning=50 | ✅ Execution quality: 56/100
2026-04-15 12:17:50 | INFO  | ⛔  LONG | score=63.6 | BLOCK | grade=A | KILL_COMBO=DEAD_ZONE + WIDE_SPREAD (74 bps) | bad=[session] | session=15 trigger_quality=70 spread=48 whale_alignment=100 entry_position=100 volume_env=76 positioning=50 | ⛔ KILL COMBO: DEAD_ZONE + WIDE_SPREAD (74 bps) | exec_score=64 (irrelevant — combo fires)
2026-04-15 12:17:50 | INFO  | ✅  LONG | score=53.9 | PASS | grade=B | bad=[session] | session=15 trigger_quality=50 spread=100 whale_alignment=60 entry_position=70 volume_env=56 positioning=50 | ✅ Execution quality: 54/100
2026-04-15 12:17:50 | INFO  | ⛔  LONG | score=60.4 | BLOCK | grade=A | KILL_COMBO=WRONG_ZONE (premium) + LOW_TRIGGER | bad=[trigger_quality, entry_position] | session=100 trigger_quality=20 spread=60 whale_alignment=100 entry_position=20 volume_env=76 positioning=50 | ⛔ KILL COMBO: WRONG_ZONE (premium) + LOW_TRIGGER | exec_score=60 (irrelevant — combo fires)
2026-04-15 12:17:50 | INFO  | ⛔  SHORT | score=51.4 | BLOCK | grade=B | KILL_COMBO=WRONG_ZONE (discount) + LOW_TRIGGER | bad=[trigger_quality, entry_position] | session=100 trigger_quality=20 spread=60 whale_alignment=60 entry_position=20 volume_env=56 positioning=50 | ⛔ KILL COMBO: WRONG_ZONE (discount) + LOW_TRIGGER | exec_score=51 (irrelevant — combo fires)
2026-04-15 12:17:50 | INFO  | ✅  LONG | score=66.4 | PASS | grade=B | bad=[trigger_quality] | session=100 trigger_quality=20 spread=60 whale_alignment=60 entry_position=100 volume_env=76 positioning=50 | ✅ Execution quality: 66/100
2026-04-15 12:17:50 | INFO  | ⛔  LONG | score=52.5 | BLOCK | grade=A+ | KILL_COMBO=DEAD_ZONE + LOW_TRIGGER + LOW_VOLUME | bad=[session, trigger_quality, volume_env] | session=15 trigger_quality=15 spread=100 whale_alignment=100 entry_position=100 volume_env=23 positioning=50 | ⛔ KILL COMBO: DEAD_ZONE + LOW_TRIGGER + LOW_VOLUME | exec_score=52 (irrelevant — combo fires)
2026-04-15 12:17:50 | INFO  | ⛔  SHORT | score=52.1 | BLOCK | grade=B | KILL_COMBO=EXTREME_WHALE_OPPOSITION (91% vs SHORT) | bad=[whale_alignment] | session=70 trigger_quality=50 spread=60 whale_alignment=15 entry_position=70 volume_env=56 positioning=50 | ⛔ KILL COMBO: EXTREME_WHALE_OPPOSITION (91% vs SHORT) | exec_score=52 (irrelevant — combo fires)
2026-04-15 12:17:50 | INFO  | ⛔  LONG | score=36.0 | BLOCK | grade=B | KILL_COMBO=DEAD_ZONE + LOW_TRIGGER + LOW_VOLUME | bad=[session, trigger_quality, volume_env] | session=15 trigger_quality=15 spread=60 whale_alignment=60 entry_position=70 volume_env=23 positioning=50 | ⛔ KILL COMBO: DEAD_ZONE + LOW_TRIGGER + LOW_VOLUME | exec_score=36 (irrelevant — combo fires) | {"near_miss": true}
2026-04-15 12:17:50 | INFO  | ⛔  SHORT | score=49.1 | BLOCK | grade=B | KILL_COMBO=EXTREME_WHALE_OPPOSITION (91% vs SHORT) | bad=[trigger_quality, whale_alignment, volume_env] | session=100 trigger_quality=27 spread=48 whale_alignment=15 entry_position=70 volume_env=39 positioning=50 | ⛔ KILL COMBO: EXTREME_WHALE_OPPOSITION (91% vs SHORT) | exec_score=49 (irrelevant — combo fires) | {"near_miss": true}
2026-04-15 12:17:50 | INFO  | ⚠️  SHORT | score=45.6 | PENALIZE (×0.85) | grade=A+ | bad=[trigger_quality, whale_alignment, volume_env] | session=100 trigger_quality=27 spread=58 whale_alignment=15 entry_position=70 volume_env=39 positioning=50 | ⚠️ EXECUTION GATE: weak execution (46/100) — conf ×0.85 | weak=[trigger_quality, whale_alignment, volume_env]
2026-04-15 12:17:50 | INFO  | ⛔  SHORT | score=50.6 | BLOCK | grade=A | KILL_COMBO=EXTREME_WHALE_OPPOSITION (91% vs SHORT) | bad=[trigger_quality, whale_alignment, volume_env] | session=100 trigger_quality=27 spread=58 whale_alignment=15 entry_position=70 volume_env=39 positioning=50 | ⛔ KILL COMBO: EXTREME_WHALE_OPPOSITION (91% vs SHORT) | exec_score=51 (irrelevant — combo fires)
2026-04-15 12:17:50 | INFO  | ⛔  LONG | score=33.6 | BLOCK | grade=B | KILL_COMBO=DEAD_ZONE + WIDE_SPREAD (235 bps) | bad=[session, trigger_quality, spread] | session=15 trigger_quality=27 spread=10 whale_alignment=60 entry_position=70 volume_env=41 positioning=50 | ⛔ KILL COMBO: DEAD_ZONE + WIDE_SPREAD (235 bps) | exec_score=34 (irrelevant — combo fires) | {"near_miss": true}
2026-04-15 12:17:50 | INFO  | ✅  LONG | score=83.7 | PASS | grade=A | session=100 trigger_quality=45 spread=100 whale_alignment=100 entry_position=100 volume_env=78 positioning=50 | ✅ Execution quality: 84/100
2026-04-15 12:17:50 | INFO  | ✅  LONG | score=85.3 | PASS | grade=A | session=100 trigger_quality=80 spread=100 whale_alignment=100 entry_position=50 volume_env=92 positioning=50 | ✅ Execution quality: 85/100
2026-04-15 12:17:50 | INFO  | ✅  LONG | score=80.8 | PASS | grade=A | bad=[entry_position] | session=100 trigger_quality=82 spread=97 whale_alignment=100 entry_position=20 volume_env=92 positioning=50 | ✅ Execution quality: 81/100
2026-04-15 12:17:50 | INFO  | ✅  SHORT | score=83.0 | PASS | grade=A | session=70 trigger_quality=78 spread=92 whale_alignment=100 entry_position=100 volume_env=77 positioning=50 | ✅ Execution quality: 83/100
2026-04-15 12:17:50 | INFO  | ⛔  LONG | score=49.5 | BLOCK | grade=A+ | KILL_COMBO=DEAD_ZONE + WIDE_SPREAD (84 bps) | bad=[session, entry_position] | session=15 trigger_quality=62 spread=43 whale_alignment=100 entry_position=20 volume_env=78 positioning=50 | ⛔ KILL COMBO: DEAD_ZONE + WIDE_SPREAD (84 bps) | exec_score=49 (irrelevant — combo fires) | {"near_miss": true}
2026-04-15 12:17:50 | INFO  | ✅  LONG | score=73.2 | PASS | grade=A+ | bad=[entry_position] | session=100 trigger_quality=62 spread=88 whale_alignment=100 entry_position=20 volume_env=78 positioning=50 | ✅ Execution quality: 73/100
2026-04-15 12:17:50 | INFO  | ⛔  LONG | score=75.3 | BLOCK | grade=A | KILL_COMBO=EXTREME_WHALE_OPPOSITION (8% vs LONG) | bad=[whale_alignment] | session=100 trigger_quality=70 spread=97 whale_alignment=15 entry_position=100 volume_env=77 positioning=50 | ⛔ KILL COMBO: EXTREME_WHALE_OPPOSITION (8% vs LONG) | exec_score=75 (irrelevant — combo fires)
2026-04-15 12:17:50 | INFO  | ✅  LONG | score=78.7 | PASS | grade=A | bad=[whale_alignment] | session=100 trigger_quality=70 spread=97 whale_alignment=38 entry_position=100 volume_env=77 positioning=50 | ✅ Execution quality: 79/100
2026-04-15 12:17:50 | INFO  | ✅  LONG | score=82.1 | PASS | grade=A | bad=[entry_position] | session=100 trigger_quality=85 spread=100 whale_alignment=100 entry_position=20 volume_env=94 positioning=50 | ✅ Execution quality: 82/100
2026-04-15 12:17:50 | INFO  | ✅  LONG | score=73.3 | PASS | grade=B | bad=[volume_env] | session=100 trigger_quality=75 spread=85 whale_alignment=60 entry_position=100 volume_env=24 positioning=50 | ✅ Execution quality: 73/100
2026-04-15 12:17:50 | INFO  | ✅  SHORT | score=81.1 | PASS | grade=A | bad=[entry_position] | session=100 trigger_quality=80 spread=100 whale_alignment=100 entry_position=20 volume_env=94 positioning=50 | ✅ Execution quality: 81/100
2026-04-15 12:17:50 | INFO  | ✅  SHORT | score=70.8 | PASS | grade=A | bad=[whale_alignment] | session=100 trigger_quality=55 spread=85 whale_alignment=19 entry_position=100 volume_env=74 positioning=50 | ✅ Execution quality: 71/100
2026-04-15 12:17:50 | INFO  | ✅  LONG | score=75.9 | PASS | grade=A | bad=[session] | session=15 trigger_quality=80 spread=100 whale_alignment=100 entry_position=100 volume_env=93 positioning=50 | ✅ Execution quality: 76/100
2026-04-15 12:17:50 | INFO  | ✅  LONG | score=84.2 | PASS | grade=A+ | bad=[volume_env] | session=100 trigger_quality=82 spread=100 whale_alignment=100 entry_position=100 volume_env=32 positioning=50 | ✅ Execution quality: 84/100
2026-04-15 12:17:50 | INFO  | ⛔  LONG | score=31.8 | BLOCK | grade=B | bad=[session, trigger_quality, entry_position] | session=15 trigger_quality=30 spread=62 whale_alignment=60 entry_position=20 volume_env=56 positioning=50 | ⛔ EXECUTION GATE: NO TRADE | score=32/35 | bad=[session, trigger_quality, entry_position] | {"near_miss": true}
2026-04-15 12:17:50 | INFO  | ✅  LONG | score=60.3 | PASS | grade=B | bad=[session, entry_position] | session=15 trigger_quality=80 spread=92 whale_alignment=100 entry_position=20 volume_env=76 positioning=50 | ✅ Execution quality: 60/100
2026-04-15 12:17:50 | INFO  | ⛔  LONG | score=23.4 | BLOCK | grade=B | bad=[session, trigger_quality, entry_position, volume_env] | session=15 trigger_quality=35 spread=62 whale_alignment=60 entry_position=20 volume_env=27 positioning=50 | ⛔ EXECUTION GATE: NO TRADE | score=23/35 | bad=[session, trigger_quality, entry_position, volume_env]
2026-04-15 12:17:50 | INFO  | ⛔  LONG | score=13.8 | BLOCK | grade=B | bad=[session, trigger_quality, whale_alignment, entry_position, volume_env] | session=15 trigger_quality=30 spread=62 whale_alignment=38 entry_position=20 volume_env=25 positioning=50 | ⛔ EXECUTION GATE: NO TRADE | score=14/35 | bad=[session, trigger_quality, whale_alignment, entry_position, volume_env]
2026-04-15 12:17:50 | INFO  | ✅  LONG | score=56.8 | PASS | grade=B | bad=[trigger_quality] | session=55 trigger_quality=40 spread=78 whale_alignment=60 entry_position=70 volume_env=58 positioning=50 | ✅ Execution quality: 57/100
2026-04-15 12:17:50 | INFO  | ⛔  LONG | score=29.7 | BLOCK | grade=B | bad=[session, trigger_quality, volume_env] | session=15 trigger_quality=28 spread=62 whale_alignment=49 entry_position=50 volume_env=26 positioning=50 | ⛔ EXECUTION GATE: NO TRADE | score=30/35 | bad=[session, trigger_quality, volume_env] | {"near_miss": true}
2026-04-15 12:17:50 | INFO  | ✅  LONG | score=57.9 | PASS | grade=A+ | bad=[session, trigger_quality] | session=15 trigger_quality=40 spread=100 whale_alignment=100 entry_position=70 volume_env=56 positioning=50 | ✅ Execution quality: 58/100
2026-04-15 12:17:50 | INFO  | ⛔  LONG | score=35.8 | BLOCK | grade=A+ | KILL_COMBO=DEAD_ZONE + LOW_TRIGGER + LOW_VOLUME | bad=[session, trigger_quality, entry_position, volume_env] | session=15 trigger_quality=20 spread=100 whale_alignment=60 entry_position=20 volume_env=25 positioning=50 | ⛔ KILL COMBO: DEAD_ZONE + LOW_TRIGGER + LOW_VOLUME | exec_score=36 (irrelevant — combo fires) | {"near_miss": true}
2026-04-15 12:17:50 | INFO  | ✅  LONG | score=53.7 | PASS | grade=B | bad=[trigger_quality] | session=55 trigger_quality=35 spread=68 whale_alignment=60 entry_position=70 volume_env=54 positioning=50 | ✅ Execution quality: 54/100
2026-04-15 12:17:50 | INFO  | ✅  LONG | score=83.6 | PASS | grade=A | session=100 trigger_quality=65 spread=92 whale_alignment=100 entry_position=100 volume_env=58 positioning=50 | ✅ Execution quality: 84/100
2026-04-15 12:17:50 | INFO  | ✅  LONG | score=94.9 | PASS | grade=A+ | session=100 trigger_quality=88 spread=100 whale_alignment=100 entry_position=100 volume_env=95 positioning=50 | ✅ Execution quality: 95/100
2026-04-15 12:17:50 | INFO  | ⛔  LONG | score=38.4 | BLOCK | grade=B | KILL_COMBO=DEAD_ZONE + LOW_TRIGGER + LOW_VOLUME | bad=[session, trigger_quality, volume_env] | session=15 trigger_quality=22 spread=65 whale_alignment=60 entry_position=70 volume_env=25 positioning=50 | ⛔ KILL COMBO: DEAD_ZONE + LOW_TRIGGER + LOW_VOLUME | exec_score=38 (irrelevant — combo fires) | {"near_miss": true}
2026-04-15 12:17:50 | INFO  | ⛔  SHORT | score=70.8 | BLOCK | grade=B | KILL_COMBO=EXTREME_WHALE_OPPOSITION (92% vs SHORT) | bad=[whale_alignment] | session=100 trigger_quality=65 spread=92 whale_alignment=15 entry_position=100 volume_env=58 positioning=50 | ⛔ KILL COMBO: EXTREME_WHALE_OPPOSITION (92% vs SHORT) | exec_score=71 (irrelevant — combo fires)
2026-04-15 12:17:50 | INFO  | ⛔  LONG | score=61.0 | BLOCK | grade=B | KILL_COMBO=WRONG_ZONE (premium) + LOW_TRIGGER | bad=[trigger_quality, entry_position] | session=100 trigger_quality=18 spread=85 whale_alignment=100 entry_position=20 volume_env=58 positioning=50 | ⛔ KILL COMBO: WRONG_ZONE (premium) + LOW_TRIGGER | exec_score=61 (irrelevant — combo fires)
2026-04-15 12:17:50 | INFO  | ⛔  LONG | score=49.5 | BLOCK | grade=A+ | KILL_COMBO=DEAD_ZONE + WIDE_SPREAD (84 bps) | bad=[session, entry_position] | session=15 trigger_quality=62 spread=43 whale_alignment=100 entry_position=20 volume_env=78 positioning=50 | ⛔ KILL COMBO: DEAD_ZONE + WIDE_SPREAD (84 bps) | exec_score=49 (irrelevant — combo fires) | {"near_miss": true}
2026-04-15 12:17:50 | INFO  | ✅  LONG | score=85.2 | PASS | grade=A+ | session=100 trigger_quality=62 spread=88 whale_alignment=100 entry_position=100 volume_env=78 positioning=50 | ✅ Execution quality: 85/100
2026-04-15 12:17:50 | INFO  | ⛔ BTCUSDT SHORT | score=88.6 | BLOCK | grade=B | KILL_COMBO=SEMANTIC_KILL: HTF_TREND BULL vs SHORT (no reversal signal) | session=100 trigger_quality=80 spread=100 whale_alignment=100 entry_position=100 volume_env=64 positioning=50 | ⛔ KILL COMBO: SEMANTIC_KILL: HTF_TREND BULL vs SHORT (no reversal signal) | exec_score=89 (irrelevant — combo fires)
2026-04-15 12:17:50 | INFO  | ✅ BTCUSDT LONG | score=90.4 | PASS | grade=B | session=100 trigger_quality=80 spread=100 whale_alignment=100 entry_position=100 volume_env=76 positioning=50 | ✅ Execution quality: 90/100
2026-04-15 12:17:56 | INFO  | ✅  LONG | score=58.7 | PASS | grade=B | bad=[trigger_quality] | session=55 trigger_quality=30 spread=78 whale_alignment=60 entry_position=100 volume_env=54 positioning=50 | ✅ Execution quality: 59/100
2026-04-15 12:17:56 | INFO  | ⛔  LONG | score=12.9 | BLOCK | grade=B | KILL_COMBO=DEAD_ZONE + LOW_TRIGGER + LOW_VOLUME | bad=[session, trigger_quality, spread, whale_alignment, entry_position, volume_env] | session=15 trigger_quality=10 spread=10 whale_alignment=15 entry_position=20 volume_env=21 positioning=50 | ⛔ KILL COMBO: DEAD_ZONE + LOW_TRIGGER + LOW_VOLUME | exec_score=13 (irrelevant — combo fires)
2026-04-15 12:17:56 | INFO  | ✅  LONG | score=93.8 | PASS | grade=A | session=100 trigger_quality=85 spread=100 whale_alignment=100 entry_position=100 volume_env=92 positioning=50 | ✅ Execution quality: 94/100
2026-04-15 12:17:56 | INFO  | ⛔  LONG | score=70.5 | BLOCK | grade=B | KILL_COMBO=LOW_TRIGGER + LOW_VOLUME | bad=[trigger_quality, volume_env] | session=100 trigger_quality=20 spread=100 whale_alignment=100 entry_position=100 volume_env=23 positioning=50 | ⛔ KILL COMBO: LOW_TRIGGER + LOW_VOLUME | exec_score=70 (irrelevant — combo fires)
2026-04-15 12:45:05 | INFO  | ✅  LONG | score=93.8 | PASS | grade=A | session=100 trigger_quality=85 spread=100 whale_alignment=100 entry_position=100 volume_env=92 positioning=50 | ✅ Execution quality: 94/100
2026-04-15 12:45:05 | INFO  | ⛔  LONG | score=14.2 | BLOCK | grade=B | KILL_COMBO=DEAD_ZONE + LOW_TRIGGER + LOW_VOLUME | bad=[session, trigger_quality, spread, whale_alignment, entry_position, volume_env] | session=15 trigger_quality=15 spread=10 whale_alignment=15 entry_position=20 volume_env=23 positioning=50 | ⛔ KILL COMBO: DEAD_ZONE + LOW_TRIGGER + LOW_VOLUME | exec_score=14 (irrelevant — combo fires)
2026-04-15 12:45:05 | INFO  | ✅  SHORT | score=55.6 | PASS | grade=B | bad=[trigger_quality] | session=70 trigger_quality=35 spread=60 whale_alignment=60 entry_position=70 volume_env=54 positioning=50 | ✅ Execution quality: 56/100
2026-04-15 12:45:05 | INFO  | ⛔  LONG | score=45.6 | BLOCK | grade=A+ | KILL_COMBO=DEAD_ZONE + WIDE_SPREAD (80 bps) | bad=[session, trigger_quality] | session=15 trigger_quality=20 spread=45 whale_alignment=100 entry_position=70 volume_env=56 positioning=50 | ⛔ KILL COMBO: DEAD_ZONE + WIDE_SPREAD (80 bps) | exec_score=46 (irrelevant — combo fires) | {"near_miss": true}
2026-04-15 12:45:05 | INFO  | ⛔  LONG | score=13.2 | BLOCK | grade=A+ | KILL_COMBO=DEAD_ZONE + LOW_TRIGGER + LOW_VOLUME | bad=[session, trigger_quality, spread, whale_alignment, entry_position, volume_env] | session=15 trigger_quality=10 spread=10 whale_alignment=15 entry_position=20 volume_env=23 positioning=50 | ⛔ KILL COMBO: DEAD_ZONE + LOW_TRIGGER + LOW_VOLUME | exec_score=13 (irrelevant — combo fires)
2026-04-15 12:45:05 | INFO  | ✅  LONG | score=97.6 | PASS | grade=A | session=100 trigger_quality=82 spread=100 whale_alignment=100 entry_position=100 volume_env=94 positioning=71 | ✅ Execution quality: 98/100
2026-04-15 12:45:05 | INFO  | ⛔  LONG | score=62.4 | BLOCK | grade=B | KILL_COMBO=LOW_TRIGGER + LOW_VOLUME | bad=[trigger_quality, volume_env] | session=100 trigger_quality=0 spread=60 whale_alignment=100 entry_position=100 volume_env=36 positioning=50 | ⛔ KILL COMBO: LOW_TRIGGER + LOW_VOLUME | exec_score=62 (irrelevant — combo fires)
2026-04-15 12:45:05 | INFO  | ⛔  SHORT | score=93.2 | BLOCK | grade=A | KILL_COMBO=SEMANTIC_KILL: BULLISH_CHOCH vs SHORT | session=100 trigger_quality=82 spread=100 whale_alignment=100 entry_position=100 volume_env=92 positioning=50 | ⛔ KILL COMBO: SEMANTIC_KILL: BULLISH_CHOCH vs SHORT | exec_score=93 (irrelevant — combo fires)
2026-04-15 12:45:05 | INFO  | ✅  SHORT | score=84.1 | PASS | grade=A | bad=[whale_alignment] | session=100 trigger_quality=74 spread=97 whale_alignment=15 entry_position=100 volume_env=89 positioning=81 | ✅ Execution quality: 84/100
2026-04-15 12:45:05 | INFO  | ⛔  SHORT | score=79.1 | BLOCK | grade=A | KILL_COMBO=SEMANTIC_KILL: HTF_TREND BULL vs SHORT (no reversal signal) | bad=[whale_alignment] | session=100 trigger_quality=74 spread=97 whale_alignment=15 entry_position=100 volume_env=89 positioning=56 | ⛔ KILL COMBO: SEMANTIC_KILL: HTF_TREND BULL vs SHORT (no reversal signal) | exec_score=79 (irrelevant — combo fires)
2026-04-15 12:45:05 | INFO  | ✅  LONG | score=65.0 | PASS | grade=B | bad=[session] | session=15 trigger_quality=50 spread=100 whale_alignment=100 entry_position=100 volume_env=60 positioning=50 | ✅ Execution quality: 65/100
2026-04-15 12:45:05 | INFO  | ✅  LONG | score=82.0 | PASS | grade=B | session=100 trigger_quality=50 spread=100 whale_alignment=100 entry_position=100 volume_env=60 positioning=50 | ✅ Execution quality: 82/100
2026-04-15 12:45:05 | INFO  | ✅  LONG | score=99.0 | PASS | grade=A | session=100 trigger_quality=75 spread=100 whale_alignment=100 entry_position=100 volume_env=92 positioning=86 | ✅ Execution quality: 99/100
2026-04-15 12:45:05 | INFO  | ✅  LONG | score=85.8 | PASS | grade=A | bad=[positioning] | session=100 trigger_quality=75 spread=100 whale_alignment=100 entry_position=100 volume_env=92 positioning=14 | ✅ Execution quality: 86/100
2026-04-15 12:45:05 | INFO  | ✅  LONG | score=82.0 | PASS | grade=B | session=100 trigger_quality=50 spread=100 whale_alignment=100 entry_position=100 volume_env=60 positioning=50 | ✅ Execution quality: 82/100
2026-04-15 12:45:05 | INFO  | ✅  LONG | score=64.9 | PASS | grade=B | session=100 trigger_quality=50 spread=60 whale_alignment=60 entry_position=70 volume_env=56 positioning=50 | ✅ Execution quality: 65/100
2026-04-15 12:45:05 | INFO  | ⚠️  LONG | score=47.9 | PENALIZE (×0.85) | grade=B | bad=[session] | session=15 trigger_quality=50 spread=60 whale_alignment=60 entry_position=70 volume_env=56 positioning=50 | ⚠️ EXECUTION GATE: weak execution (48/100) — conf ×0.85 | weak=[session]
2026-04-15 12:45:05 | INFO  | ✅  LONG | score=52.9 | PASS | grade=B | bad=[session] | session=40 trigger_quality=50 spread=60 whale_alignment=60 entry_position=70 volume_env=56 positioning=50 | ✅ Execution quality: 53/100
2026-04-15 12:45:05 | INFO  | ⚠️  LONG | score=47.9 | PENALIZE (×0.85) | grade=B | bad=[session] | session=15 trigger_quality=50 spread=60 whale_alignment=60 entry_position=70 volume_env=56 positioning=50 | ⚠️ EXECUTION GATE: weak execution (48/100) — conf ×0.85 | weak=[session]
2026-04-15 12:45:05 | INFO  | ✅  LONG | score=64.9 | PASS | grade=B | session=100 trigger_quality=50 spread=60 whale_alignment=60 entry_position=70 volume_env=56 positioning=50 | ✅ Execution quality: 65/100
2026-04-15 12:45:05 | INFO  | ✅  LONG | score=58.9 | PASS | grade=B | session=70 trigger_quality=50 spread=60 whale_alignment=60 entry_position=70 volume_env=56 positioning=50 | ✅ Execution quality: 59/100
2026-04-15 12:45:05 | INFO  | ✅  LONG | score=64.9 | PASS | grade=B | session=70 trigger_quality=50 spread=100 whale_alignment=60 entry_position=70 volume_env=56 positioning=50 | ✅ Execution quality: 65/100
2026-04-15 12:45:05 | INFO  | ✅  LONG | score=51.4 | PASS | grade=B | bad=[spread] | session=70 trigger_quality=50 spread=10 whale_alignment=60 entry_position=70 volume_env=56 positioning=50 | ✅ Execution quality: 51/100
2026-04-15 12:45:05 | INFO  | ✅  LONG | score=56.6 | PASS | grade=B | session=70 trigger_quality=50 spread=45 whale_alignment=60 entry_position=70 volume_env=56 positioning=50 | ✅ Execution quality: 57/100
2026-04-15 12:45:05 | INFO  | ✅  LONG | score=58.9 | PASS | grade=B | session=70 trigger_quality=50 spread=60 whale_alignment=60 entry_position=70 volume_env=56 positioning=50 | ✅ Execution quality: 59/100
2026-04-15 12:45:05 | INFO  | ✅  LONG | score=64.9 | PASS | grade=B | session=70 trigger_quality=50 spread=60 whale_alignment=100 entry_position=70 volume_env=56 positioning=50 | ✅ Execution quality: 65/100
2026-04-15 12:45:05 | INFO  | ⛔  SHORT | score=52.1 | BLOCK | grade=B | KILL_COMBO=EXTREME_WHALE_OPPOSITION (91% vs SHORT) | bad=[whale_alignment] | session=70 trigger_quality=50 spread=60 whale_alignment=15 entry_position=70 volume_env=56 positioning=50 | ⛔ KILL COMBO: EXTREME_WHALE_OPPOSITION (91% vs SHORT) | exec_score=52 (irrelevant — combo fires)
2026-04-15 12:45:05 | INFO  | ✅  SHORT | score=58.9 | PASS | grade=B | session=70 trigger_quality=50 spread=60 whale_alignment=60 entry_position=70 volume_env=56 positioning=50 | ✅ Execution quality: 59/100
2026-04-15 12:45:05 | INFO  | ✅  LONG | score=58.9 | PASS | grade=B | session=70 trigger_quality=50 spread=60 whale_alignment=60 entry_position=70 volume_env=56 positioning=50 | ✅ Execution quality: 59/100
2026-04-15 12:45:05 | INFO  | ✅  LONG | score=63.4 | PASS | grade=B | session=70 trigger_quality=50 spread=60 whale_alignment=60 entry_position=100 volume_env=56 positioning=50 | ✅ Execution quality: 63/100
2026-04-15 12:45:05 | INFO  | ✅  SHORT | score=63.4 | PASS | grade=B | session=70 trigger_quality=50 spread=60 whale_alignment=60 entry_position=100 volume_env=56 positioning=50 | ✅ Execution quality: 63/100
2026-04-15 12:45:05 | INFO  | ✅  LONG | score=51.4 | PASS | grade=B | bad=[entry_position] | session=70 trigger_quality=50 spread=60 whale_alignment=60 entry_position=20 volume_env=56 positioning=50 | ✅ Execution quality: 51/100
2026-04-15 12:45:05 | INFO  | ✅  SHORT | score=51.4 | PASS | grade=B | bad=[entry_position] | session=70 trigger_quality=50 spread=60 whale_alignment=60 entry_position=20 volume_env=56 positioning=50 | ✅ Execution quality: 51/100
2026-04-15 12:45:05 | INFO  | ✅  LONG | score=58.9 | PASS | grade=B | session=70 trigger_quality=50 spread=60 whale_alignment=60 entry_position=70 volume_env=56 positioning=50 | ✅ Execution quality: 59/100
2026-04-15 12:45:05 | INFO  | ✅  LONG | score=64.3 | PASS | grade=B | session=70 trigger_quality=50 spread=60 whale_alignment=60 entry_position=70 volume_env=92 positioning=50 | ✅ Execution quality: 64/100
2026-04-15 12:45:05 | INFO  | ✅  LONG | score=54.2 | PASS | grade=B | bad=[volume_env] | session=70 trigger_quality=50 spread=60 whale_alignment=60 entry_position=70 volume_env=25 positioning=50 | ✅ Execution quality: 54/100
2026-04-15 12:45:05 | INFO  | ⛔  LONG | score=31.8 | BLOCK | grade=B | bad=[session, whale_alignment, entry_position] | session=15 trigger_quality=45 spread=65 whale_alignment=38 entry_position=20 volume_env=56 positioning=50 | ⛔ EXECUTION GATE: NO TRADE | score=32/35 | bad=[session, whale_alignment, entry_position] | {"near_miss": true}
2026-04-15 12:45:05 | INFO  | ✅  LONG | score=61.8 | PASS | grade=B | bad=[session, trigger_quality] | session=15 trigger_quality=10 spread=100 whale_alignment=100 entry_position=100 volume_env=92 positioning=50 | ✅ Execution quality: 62/100
2026-04-15 12:45:05 | INFO  | ⛔  LONG | score=33.6 | BLOCK | grade=B | KILL_COMBO=DEAD_ZONE + WIDE_SPREAD (235 bps) | bad=[session, trigger_quality, spread] | session=15 trigger_quality=27 spread=10 whale_alignment=60 entry_position=70 volume_env=41 positioning=50 | ⛔ KILL COMBO: DEAD_ZONE + WIDE_SPREAD (235 bps) | exec_score=34 (irrelevant — combo fires) | {"near_miss": true}
2026-04-15 12:45:05 | INFO  | ⛔  SHORT | score=49.1 | BLOCK | grade=B | KILL_COMBO=EXTREME_WHALE_OPPOSITION (91% vs SHORT) | bad=[trigger_quality, whale_alignment, volume_env] | session=100 trigger_quality=27 spread=48 whale_alignment=15 entry_position=70 volume_env=39 positioning=50 | ⛔ KILL COMBO: EXTREME_WHALE_OPPOSITION (91% vs SHORT) | exec_score=49 (irrelevant — combo fires) | {"near_miss": true}
2026-04-15 12:45:05 | INFO  | ⛔  SHORT | score=50.6 | BLOCK | grade=A | KILL_COMBO=EXTREME_WHALE_OPPOSITION (91% vs SHORT) | bad=[trigger_quality, whale_alignment, volume_env] | session=100 trigger_quality=27 spread=58 whale_alignment=15 entry_position=70 volume_env=39 positioning=50 | ⛔ KILL COMBO: EXTREME_WHALE_OPPOSITION (91% vs SHORT) | exec_score=51 (irrelevant — combo fires)
2026-04-15 12:45:05 | INFO  | ✅  LONG | score=93.1 | PASS | grade=A+ | session=100 trigger_quality=80 spread=100 whale_alignment=100 entry_position=100 volume_env=94 positioning=50 | ✅ Execution quality: 93/100
2026-04-15 12:45:05 | INFO  | ✅  LONG | score=75.2 | PASS | grade=A | bad=[session] | session=40 trigger_quality=75 spread=85 whale_alignment=100 entry_position=100 volume_env=76 positioning=50 | ✅ Execution quality: 75/100
2026-04-15 12:45:05 | INFO  | ✅  LONG | score=58.9 | PASS | grade=B | session=70 trigger_quality=50 spread=60 whale_alignment=60 entry_position=70 volume_env=56 positioning=50 | ✅ Execution quality: 59/100
2026-04-15 12:45:05 | INFO  | ⛔  LONG | score=20.7 | BLOCK | grade=B | KILL_COMBO=DEAD_ZONE + LOW_TRIGGER + LOW_VOLUME | bad=[session, trigger_quality, spread, whale_alignment, volume_env] | session=15 trigger_quality=10 spread=10 whale_alignment=15 entry_position=70 volume_env=23 positioning=50 | ⛔ KILL COMBO: DEAD_ZONE + LOW_TRIGGER + LOW_VOLUME | exec_score=21 (irrelevant — combo fires)
2026-04-15 12:45:05 | INFO  | ✅  LONG | score=58.9 | PASS | grade=B | session=70 trigger_quality=50 spread=60 whale_alignment=60 entry_position=70 volume_env=56 positioning=50 | ✅ Execution quality: 59/100
2026-04-15 12:45:05 | INFO  | ⛔  LONG | score=70.8 | BLOCK | grade=A | KILL_COMBO=LOW_TRIGGER + LOW_VOLUME | bad=[trigger_quality, volume_env] | session=100 trigger_quality=20 spread=100 whale_alignment=100 entry_position=100 volume_env=25 positioning=50 | ⛔ KILL COMBO: LOW_TRIGGER + LOW_VOLUME | exec_score=71 (irrelevant — combo fires)
2026-04-15 12:45:05 | INFO  | ✅  LONG | score=55.2 | PASS | grade=B | bad=[trigger_quality, volume_env] | session=100 trigger_quality=25 spread=60 whale_alignment=60 entry_position=70 volume_env=25 positioning=50 | ✅ Execution quality: 55/100
2026-04-15 12:45:05 | INFO  | ✅  LONG | score=58.2 | PASS | grade=B | bad=[trigger_quality] | session=100 trigger_quality=15 spread=60 whale_alignment=60 entry_position=70 volume_env=58 positioning=50 | ✅ Execution quality: 58/100
2026-04-15 12:45:05 | INFO  | ⛔  SHORT | score=67.5 | BLOCK | grade=A | KILL_COMBO=EXTREME_WHALE_OPPOSITION (91% vs SHORT) | bad=[whale_alignment] | session=100 trigger_quality=70 spread=60 whale_alignment=15 entry_position=70 volume_env=92 positioning=50 | ⛔ KILL COMBO: EXTREME_WHALE_OPPOSITION (91% vs SHORT) | exec_score=68 (irrelevant — combo fires)
2026-04-15 12:45:05 | INFO  | ✅  SHORT | score=69.7 | PASS | grade=A+ | bad=[whale_alignment] | session=100 trigger_quality=70 spread=60 whale_alignment=15 entry_position=100 volume_env=76 positioning=50 | ✅ Execution quality: 70/100
2026-04-15 12:45:05 | INFO  | ⛔  LONG | score=52.1 | BLOCK | grade=B | KILL_COMBO=EXTREME_WHALE_OPPOSITION (10% vs LONG) | bad=[whale_alignment] | session=70 trigger_quality=50 spread=60 whale_alignment=15 entry_position=70 volume_env=56 positioning=50 | ⛔ KILL COMBO: EXTREME_WHALE_OPPOSITION (10% vs LONG) | exec_score=52 (irrelevant — combo fires)
2026-04-15 12:45:05 | INFO  | ✅  SHORT | score=55.5 | PASS | grade=B | bad=[whale_alignment] | session=70 trigger_quality=50 spread=60 whale_alignment=38 entry_position=70 volume_env=56 positioning=50 | ✅ Execution quality: 56/100
2026-04-15 12:45:05 | INFO  | ⛔  LONG | score=63.6 | BLOCK | grade=A | KILL_COMBO=DEAD_ZONE + WIDE_SPREAD (74 bps) | bad=[session] | session=15 trigger_quality=70 spread=48 whale_alignment=100 entry_position=100 volume_env=76 positioning=50 | ⛔ KILL COMBO: DEAD_ZONE + WIDE_SPREAD (74 bps) | exec_score=64 (irrelevant — combo fires)
2026-04-15 12:45:05 | INFO  | ✅  LONG | score=53.9 | PASS | grade=B | bad=[session] | session=15 trigger_quality=50 spread=100 whale_alignment=60 entry_position=70 volume_env=56 positioning=50 | ✅ Execution quality: 54/100
2026-04-15 12:45:05 | INFO  | ⛔  LONG | score=60.4 | BLOCK | grade=A | KILL_COMBO=WRONG_ZONE (premium) + LOW_TRIGGER | bad=[trigger_quality, entry_position] | session=100 trigger_quality=20 spread=60 whale_alignment=100 entry_position=20 volume_env=76 positioning=50 | ⛔ KILL COMBO: WRONG_ZONE (premium) + LOW_TRIGGER | exec_score=60 (irrelevant — combo fires)
2026-04-15 12:45:05 | INFO  | ⛔  SHORT | score=51.4 | BLOCK | grade=B | KILL_COMBO=WRONG_ZONE (discount) + LOW_TRIGGER | bad=[trigger_quality, entry_position] | session=100 trigger_quality=20 spread=60 whale_alignment=60 entry_position=20 volume_env=56 positioning=50 | ⛔ KILL COMBO: WRONG_ZONE (discount) + LOW_TRIGGER | exec_score=51 (irrelevant — combo fires)
2026-04-15 12:45:05 | INFO  | ✅  LONG | score=66.4 | PASS | grade=B | bad=[trigger_quality] | session=100 trigger_quality=20 spread=60 whale_alignment=60 entry_position=100 volume_env=76 positioning=50 | ✅ Execution quality: 66/100
2026-04-15 12:45:05 | INFO  | ⛔  LONG | score=52.5 | BLOCK | grade=A+ | KILL_COMBO=DEAD_ZONE + LOW_TRIGGER + LOW_VOLUME | bad=[session, trigger_quality, volume_env] | session=15 trigger_quality=15 spread=100 whale_alignment=100 entry_position=100 volume_env=23 positioning=50 | ⛔ KILL COMBO: DEAD_ZONE + LOW_TRIGGER + LOW_VOLUME | exec_score=52 (irrelevant — combo fires)
2026-04-15 12:45:05 | INFO  | ⛔  SHORT | score=52.1 | BLOCK | grade=B | KILL_COMBO=EXTREME_WHALE_OPPOSITION (91% vs SHORT) | bad=[whale_alignment] | session=70 trigger_quality=50 spread=60 whale_alignment=15 entry_position=70 volume_env=56 positioning=50 | ⛔ KILL COMBO: EXTREME_WHALE_OPPOSITION (91% vs SHORT) | exec_score=52 (irrelevant — combo fires)
2026-04-15 12:45:05 | INFO  | ⛔  LONG | score=36.0 | BLOCK | grade=B | KILL_COMBO=DEAD_ZONE + LOW_TRIGGER + LOW_VOLUME | bad=[session, trigger_quality, volume_env] | session=15 trigger_quality=15 spread=60 whale_alignment=60 entry_position=70 volume_env=23 positioning=50 | ⛔ KILL COMBO: DEAD_ZONE + LOW_TRIGGER + LOW_VOLUME | exec_score=36 (irrelevant — combo fires) | {"near_miss": true}
2026-04-15 12:45:05 | INFO  | ⛔  SHORT | score=49.1 | BLOCK | grade=B | KILL_COMBO=EXTREME_WHALE_OPPOSITION (91% vs SHORT) | bad=[trigger_quality, whale_alignment, volume_env] | session=100 trigger_quality=27 spread=48 whale_alignment=15 entry_position=70 volume_env=39 positioning=50 | ⛔ KILL COMBO: EXTREME_WHALE_OPPOSITION (91% vs SHORT) | exec_score=49 (irrelevant — combo fires) | {"near_miss": true}
2026-04-15 12:45:05 | INFO  | ⚠️  SHORT | score=45.6 | PENALIZE (×0.85) | grade=A+ | bad=[trigger_quality, whale_alignment, volume_env] | session=100 trigger_quality=27 spread=58 whale_alignment=15 entry_position=70 volume_env=39 positioning=50 | ⚠️ EXECUTION GATE: weak execution (46/100) — conf ×0.85 | weak=[trigger_quality, whale_alignment, volume_env]
2026-04-15 12:45:05 | INFO  | ⛔  SHORT | score=50.6 | BLOCK | grade=A | KILL_COMBO=EXTREME_WHALE_OPPOSITION (91% vs SHORT) | bad=[trigger_quality, whale_alignment, volume_env] | session=100 trigger_quality=27 spread=58 whale_alignment=15 entry_position=70 volume_env=39 positioning=50 | ⛔ KILL COMBO: EXTREME_WHALE_OPPOSITION (91% vs SHORT) | exec_score=51 (irrelevant — combo fires)
2026-04-15 12:45:05 | INFO  | ⛔  LONG | score=33.6 | BLOCK | grade=B | KILL_COMBO=DEAD_ZONE + WIDE_SPREAD (235 bps) | bad=[session, trigger_quality, spread] | session=15 trigger_quality=27 spread=10 whale_alignment=60 entry_position=70 volume_env=41 positioning=50 | ⛔ KILL COMBO: DEAD_ZONE + WIDE_SPREAD (235 bps) | exec_score=34 (irrelevant — combo fires) | {"near_miss": true}
2026-04-15 12:45:05 | INFO  | ✅  LONG | score=83.7 | PASS | grade=A | session=100 trigger_quality=45 spread=100 whale_alignment=100 entry_position=100 volume_env=78 positioning=50 | ✅ Execution quality: 84/100
2026-04-15 12:45:05 | INFO  | ✅  LONG | score=85.3 | PASS | grade=A | session=100 trigger_quality=80 spread=100 whale_alignment=100 entry_position=50 volume_env=92 positioning=50 | ✅ Execution quality: 85/100
2026-04-15 12:45:05 | INFO  | ✅  LONG | score=80.8 | PASS | grade=A | bad=[entry_position] | session=100 trigger_quality=82 spread=97 whale_alignment=100 entry_position=20 volume_env=92 positioning=50 | ✅ Execution quality: 81/100
2026-04-15 12:45:05 | INFO  | ✅  SHORT | score=83.0 | PASS | grade=A | session=70 trigger_quality=78 spread=92 whale_alignment=100 entry_position=100 volume_env=77 positioning=50 | ✅ Execution quality: 83/100
2026-04-15 12:45:05 | INFO  | ⛔  LONG | score=49.5 | BLOCK | grade=A+ | KILL_COMBO=DEAD_ZONE + WIDE_SPREAD (84 bps) | bad=[session, entry_position] | session=15 trigger_quality=62 spread=43 whale_alignment=100 entry_position=20 volume_env=78 positioning=50 | ⛔ KILL COMBO: DEAD_ZONE + WIDE_SPREAD (84 bps) | exec_score=49 (irrelevant — combo fires) | {"near_miss": true}
2026-04-15 12:45:05 | INFO  | ✅  LONG | score=73.2 | PASS | grade=A+ | bad=[entry_position] | session=100 trigger_quality=62 spread=88 whale_alignment=100 entry_position=20 volume_env=78 positioning=50 | ✅ Execution quality: 73/100
2026-04-15 12:45:05 | INFO  | ⛔  LONG | score=75.3 | BLOCK | grade=A | KILL_COMBO=EXTREME_WHALE_OPPOSITION (8% vs LONG) | bad=[whale_alignment] | session=100 trigger_quality=70 spread=97 whale_alignment=15 entry_position=100 volume_env=77 positioning=50 | ⛔ KILL COMBO: EXTREME_WHALE_OPPOSITION (8% vs LONG) | exec_score=75 (irrelevant — combo fires)
2026-04-15 12:45:05 | INFO  | ✅  LONG | score=78.7 | PASS | grade=A | bad=[whale_alignment] | session=100 trigger_quality=70 spread=97 whale_alignment=38 entry_position=100 volume_env=77 positioning=50 | ✅ Execution quality: 79/100
2026-04-15 12:45:05 | INFO  | ✅  LONG | score=82.1 | PASS | grade=A | bad=[entry_position] | session=100 trigger_quality=85 spread=100 whale_alignment=100 entry_position=20 volume_env=94 positioning=50 | ✅ Execution quality: 82/100
2026-04-15 12:45:05 | INFO  | ✅  LONG | score=73.3 | PASS | grade=B | bad=[volume_env] | session=100 trigger_quality=75 spread=85 whale_alignment=60 entry_position=100 volume_env=24 positioning=50 | ✅ Execution quality: 73/100
2026-04-15 12:45:05 | INFO  | ✅  SHORT | score=81.1 | PASS | grade=A | bad=[entry_position] | session=100 trigger_quality=80 spread=100 whale_alignment=100 entry_position=20 volume_env=94 positioning=50 | ✅ Execution quality: 81/100
2026-04-15 12:45:05 | INFO  | ✅  SHORT | score=70.8 | PASS | grade=A | bad=[whale_alignment] | session=100 trigger_quality=55 spread=85 whale_alignment=19 entry_position=100 volume_env=74 positioning=50 | ✅ Execution quality: 71/100
2026-04-15 12:45:05 | INFO  | ✅  LONG | score=75.9 | PASS | grade=A | bad=[session] | session=15 trigger_quality=80 spread=100 whale_alignment=100 entry_position=100 volume_env=93 positioning=50 | ✅ Execution quality: 76/100
2026-04-15 12:45:05 | INFO  | ✅  LONG | score=84.2 | PASS | grade=A+ | bad=[volume_env] | session=100 trigger_quality=82 spread=100 whale_alignment=100 entry_position=100 volume_env=32 positioning=50 | ✅ Execution quality: 84/100
2026-04-15 12:45:05 | INFO  | ⛔  LONG | score=31.8 | BLOCK | grade=B | bad=[session, trigger_quality, entry_position] | session=15 trigger_quality=30 spread=62 whale_alignment=60 entry_position=20 volume_env=56 positioning=50 | ⛔ EXECUTION GATE: NO TRADE | score=32/35 | bad=[session, trigger_quality, entry_position] | {"near_miss": true}
2026-04-15 12:45:05 | INFO  | ✅  LONG | score=60.3 | PASS | grade=B | bad=[session, entry_position] | session=15 trigger_quality=80 spread=92 whale_alignment=100 entry_position=20 volume_env=76 positioning=50 | ✅ Execution quality: 60/100
2026-04-15 12:45:05 | INFO  | ⛔  LONG | score=23.4 | BLOCK | grade=B | bad=[session, trigger_quality, entry_position, volume_env] | session=15 trigger_quality=35 spread=62 whale_alignment=60 entry_position=20 volume_env=27 positioning=50 | ⛔ EXECUTION GATE: NO TRADE | score=23/35 | bad=[session, trigger_quality, entry_position, volume_env]
2026-04-15 12:45:05 | INFO  | ⛔  LONG | score=13.8 | BLOCK | grade=B | bad=[session, trigger_quality, whale_alignment, entry_position, volume_env] | session=15 trigger_quality=30 spread=62 whale_alignment=38 entry_position=20 volume_env=25 positioning=50 | ⛔ EXECUTION GATE: NO TRADE | score=14/35 | bad=[session, trigger_quality, whale_alignment, entry_position, volume_env]
2026-04-15 12:45:05 | INFO  | ✅  LONG | score=56.8 | PASS | grade=B | bad=[trigger_quality] | session=55 trigger_quality=40 spread=78 whale_alignment=60 entry_position=70 volume_env=58 positioning=50 | ✅ Execution quality: 57/100
2026-04-15 12:45:05 | INFO  | ⛔  LONG | score=29.7 | BLOCK | grade=B | bad=[session, trigger_quality, volume_env] | session=15 trigger_quality=28 spread=62 whale_alignment=49 entry_position=50 volume_env=26 positioning=50 | ⛔ EXECUTION GATE: NO TRADE | score=30/35 | bad=[session, trigger_quality, volume_env] | {"near_miss": true}
2026-04-15 12:45:05 | INFO  | ✅  LONG | score=57.9 | PASS | grade=A+ | bad=[session, trigger_quality] | session=15 trigger_quality=40 spread=100 whale_alignment=100 entry_position=70 volume_env=56 positioning=50 | ✅ Execution quality: 58/100
2026-04-15 12:45:05 | INFO  | ⛔  LONG | score=35.8 | BLOCK | grade=A+ | KILL_COMBO=DEAD_ZONE + LOW_TRIGGER + LOW_VOLUME | bad=[session, trigger_quality, entry_position, volume_env] | session=15 trigger_quality=20 spread=100 whale_alignment=60 entry_position=20 volume_env=25 positioning=50 | ⛔ KILL COMBO: DEAD_ZONE + LOW_TRIGGER + LOW_VOLUME | exec_score=36 (irrelevant — combo fires) | {"near_miss": true}
2026-04-15 12:45:05 | INFO  | ✅  LONG | score=53.7 | PASS | grade=B | bad=[trigger_quality] | session=55 trigger_quality=35 spread=68 whale_alignment=60 entry_position=70 volume_env=54 positioning=50 | ✅ Execution quality: 54/100
2026-04-15 12:45:05 | INFO  | ✅  LONG | score=83.6 | PASS | grade=A | session=100 trigger_quality=65 spread=92 whale_alignment=100 entry_position=100 volume_env=58 positioning=50 | ✅ Execution quality: 84/100
2026-04-15 12:45:05 | INFO  | ✅  LONG | score=94.9 | PASS | grade=A+ | session=100 trigger_quality=88 spread=100 whale_alignment=100 entry_position=100 volume_env=95 positioning=50 | ✅ Execution quality: 95/100
2026-04-15 12:45:05 | INFO  | ⛔  LONG | score=38.4 | BLOCK | grade=B | KILL_COMBO=DEAD_ZONE + LOW_TRIGGER + LOW_VOLUME | bad=[session, trigger_quality, volume_env] | session=15 trigger_quality=22 spread=65 whale_alignment=60 entry_position=70 volume_env=25 positioning=50 | ⛔ KILL COMBO: DEAD_ZONE + LOW_TRIGGER + LOW_VOLUME | exec_score=38 (irrelevant — combo fires) | {"near_miss": true}
2026-04-15 12:45:05 | INFO  | ⛔  SHORT | score=70.8 | BLOCK | grade=B | KILL_COMBO=EXTREME_WHALE_OPPOSITION (92% vs SHORT) | bad=[whale_alignment] | session=100 trigger_quality=65 spread=92 whale_alignment=15 entry_position=100 volume_env=58 positioning=50 | ⛔ KILL COMBO: EXTREME_WHALE_OPPOSITION (92% vs SHORT) | exec_score=71 (irrelevant — combo fires)
2026-04-15 12:45:05 | INFO  | ⛔  LONG | score=61.0 | BLOCK | grade=B | KILL_COMBO=WRONG_ZONE (premium) + LOW_TRIGGER | bad=[trigger_quality, entry_position] | session=100 trigger_quality=18 spread=85 whale_alignment=100 entry_position=20 volume_env=58 positioning=50 | ⛔ KILL COMBO: WRONG_ZONE (premium) + LOW_TRIGGER | exec_score=61 (irrelevant — combo fires)
2026-04-15 12:45:05 | INFO  | ⛔  LONG | score=49.5 | BLOCK | grade=A+ | KILL_COMBO=DEAD_ZONE + WIDE_SPREAD (84 bps) | bad=[session, entry_position] | session=15 trigger_quality=62 spread=43 whale_alignment=100 entry_position=20 volume_env=78 positioning=50 | ⛔ KILL COMBO: DEAD_ZONE + WIDE_SPREAD (84 bps) | exec_score=49 (irrelevant — combo fires) | {"near_miss": true}
2026-04-15 12:45:05 | INFO  | ✅  LONG | score=85.2 | PASS | grade=A+ | session=100 trigger_quality=62 spread=88 whale_alignment=100 entry_position=100 volume_env=78 positioning=50 | ✅ Execution quality: 85/100
2026-04-15 12:45:05 | INFO  | ⛔ BTCUSDT SHORT | score=88.6 | BLOCK | grade=B | KILL_COMBO=SEMANTIC_KILL: HTF_TREND BULL vs SHORT (no reversal signal) | session=100 trigger_quality=80 spread=100 whale_alignment=100 entry_position=100 volume_env=64 positioning=50 | ⛔ KILL COMBO: SEMANTIC_KILL: HTF_TREND BULL vs SHORT (no reversal signal) | exec_score=89 (irrelevant — combo fires)
2026-04-15 12:45:05 | INFO  | ✅ BTCUSDT LONG | score=90.4 | PASS | grade=B | session=100 trigger_quality=80 spread=100 whale_alignment=100 entry_position=100 volume_env=76 positioning=50 | ✅ Execution quality: 90/100
2026-04-15 12:45:23 | INFO  | ✅  LONG | score=58.7 | PASS | grade=B | bad=[trigger_quality] | session=55 trigger_quality=30 spread=78 whale_alignment=60 entry_position=100 volume_env=54 positioning=50 | ✅ Execution quality: 59/100
2026-04-15 12:45:23 | INFO  | ⛔  LONG | score=12.9 | BLOCK | grade=B | KILL_COMBO=DEAD_ZONE + LOW_TRIGGER + LOW_VOLUME | bad=[session, trigger_quality, spread, whale_alignment, entry_position, volume_env] | session=15 trigger_quality=10 spread=10 whale_alignment=15 entry_position=20 volume_env=21 positioning=50 | ⛔ KILL COMBO: DEAD_ZONE + LOW_TRIGGER + LOW_VOLUME | exec_score=13 (irrelevant — combo fires)
2026-04-15 12:45:23 | INFO  | ✅  LONG | score=93.8 | PASS | grade=A | session=100 trigger_quality=85 spread=100 whale_alignment=100 entry_position=100 volume_env=92 positioning=50 | ✅ Execution quality: 94/100
2026-04-15 12:45:23 | INFO  | ⛔  LONG | score=70.5 | BLOCK | grade=B | KILL_COMBO=LOW_TRIGGER + LOW_VOLUME | bad=[trigger_quality, volume_env] | session=100 trigger_quality=20 spread=100 whale_alignment=100 entry_position=100 volume_env=23 positioning=50 | ⛔ KILL COMBO: LOW_TRIGGER + LOW_VOLUME | exec_score=70 (irrelevant — combo fires)
